Expression	Value	Location	Type	
cbs	<struct>	0x20000074	CircuitBreak	
go	1	0x20000114	uint8_t	
buff	<array>	0x20000118	uint16_t[1200]	
[0]	51	0x20000118	uint16_t	
[1]	47	0x2000011A	uint16_t	
[2]	42	0x2000011C	uint16_t	
[3]	47	0x2000011E	uint16_t	
[4]	50	0x20000120	uint16_t	
[5]	53	0x20000122	uint16_t	
[6]	45	0x20000124	uint16_t	
[7]	41	0x20000126	uint16_t	
[8]	46	0x20000128	uint16_t	
[9]	50	0x2000012A	uint16_t	
[10]	51	0x2000012C	uint16_t	
[11]	42	0x2000012E	uint16_t	
[12]	43	0x20000130	uint16_t	
[13]	47	0x20000132	uint16_t	
[14]	49	0x20000134	uint16_t	
[15]	48	0x20000136	uint16_t	
[16]	47	0x20000138	uint16_t	
[17]	47	0x2000013A	uint16_t	
[18]	48	0x2000013C	uint16_t	
[19]	41	0x2000013E	uint16_t	
[20]	49	0x20000140	uint16_t	
[21]	50	0x20000142	uint16_t	
[22]	44	0x20000144	uint16_t	
[23]	46	0x20000146	uint16_t	
[24]	42	0x20000148	uint16_t	
[25]	54	0x2000014A	uint16_t	
[26]	44	0x2000014C	uint16_t	
[27]	49	0x2000014E	uint16_t	
[28]	51	0x20000150	uint16_t	
[29]	43	0x20000152	uint16_t	
[30]	47	0x20000154	uint16_t	
[31]	50	0x20000156	uint16_t	
[32]	48	0x20000158	uint16_t	
[33]	48	0x2000015A	uint16_t	
[34]	48	0x2000015C	uint16_t	
[35]	45	0x2000015E	uint16_t	
[36]	47	0x20000160	uint16_t	
[37]	48	0x20000162	uint16_t	
[38]	43	0x20000164	uint16_t	
[39]	47	0x20000166	uint16_t	
[40]	47	0x20000168	uint16_t	
[41]	45	0x2000016A	uint16_t	
[42]	45	0x2000016C	uint16_t	
[43]	50	0x2000016E	uint16_t	
[44]	48	0x20000170	uint16_t	
[45]	44	0x20000172	uint16_t	
[46]	47	0x20000174	uint16_t	
[47]	48	0x20000176	uint16_t	
[48]	44	0x20000178	uint16_t	
[49]	47	0x2000017A	uint16_t	
[50]	46	0x2000017C	uint16_t	
[51]	45	0x2000017E	uint16_t	
[52]	45	0x20000180	uint16_t	
[53]	50	0x20000182	uint16_t	
[54]	46	0x20000184	uint16_t	
[55]	47	0x20000186	uint16_t	
[56]	51	0x20000188	uint16_t	
[57]	47	0x2000018A	uint16_t	
[58]	45	0x2000018C	uint16_t	
[59]	45	0x2000018E	uint16_t	
[60]	47	0x20000190	uint16_t	
[61]	52	0x20000192	uint16_t	
[62]	48	0x20000194	uint16_t	
[63]	42	0x20000196	uint16_t	
[64]	49	0x20000198	uint16_t	
[65]	48	0x2000019A	uint16_t	
[66]	44	0x2000019C	uint16_t	
[67]	47	0x2000019E	uint16_t	
[68]	46	0x200001A0	uint16_t	
[69]	47	0x200001A2	uint16_t	
[70]	50	0x200001A4	uint16_t	
[71]	46	0x200001A6	uint16_t	
[72]	42	0x200001A8	uint16_t	
[73]	49	0x200001AA	uint16_t	
[74]	50	0x200001AC	uint16_t	
[75]	46	0x200001AE	uint16_t	
[76]	44	0x200001B0	uint16_t	
[77]	43	0x200001B2	uint16_t	
[78]	43	0x200001B4	uint16_t	
[79]	50	0x200001B6	uint16_t	
[80]	48	0x200001B8	uint16_t	
[81]	45	0x200001BA	uint16_t	
[82]	50	0x200001BC	uint16_t	
[83]	46	0x200001BE	uint16_t	
[84]	43	0x200001C0	uint16_t	
[85]	47	0x200001C2	uint16_t	
[86]	49	0x200001C4	uint16_t	
[87]	47	0x200001C6	uint16_t	
[88]	48	0x200001C8	uint16_t	
[89]	44	0x200001CA	uint16_t	
[90]	47	0x200001CC	uint16_t	
[91]	48	0x200001CE	uint16_t	
[92]	46	0x200001D0	uint16_t	
[93]	46	0x200001D2	uint16_t	
[94]	47	0x200001D4	uint16_t	
[95]	50	0x200001D6	uint16_t	
[96]	47	0x200001D8	uint16_t	
[97]	45	0x200001DA	uint16_t	
[98]	49	0x200001DC	uint16_t	
[99]	50	0x200001DE	uint16_t	
[100]	47	0x200001E0	uint16_t	
[101]	46	0x200001E2	uint16_t	
[102]	43	0x200001E4	uint16_t	
[103]	46	0x200001E6	uint16_t	
[104]	49	0x200001E8	uint16_t	
[105]	44	0x200001EA	uint16_t	
[106]	45	0x200001EC	uint16_t	
[107]	50	0x200001EE	uint16_t	
[108]	50	0x200001F0	uint16_t	
[109]	48	0x200001F2	uint16_t	
[110]	45	0x200001F4	uint16_t	
[111]	51	0x200001F6	uint16_t	
[112]	51	0x200001F8	uint16_t	
[113]	48	0x200001FA	uint16_t	
[114]	43	0x200001FC	uint16_t	
[115]	49	0x200001FE	uint16_t	
[116]	47	0x20000200	uint16_t	
[117]	49	0x20000202	uint16_t	
[118]	48	0x20000204	uint16_t	
[119]	45	0x20000206	uint16_t	
[120]	45	0x20000208	uint16_t	
[121]	50	0x2000020A	uint16_t	
[122]	49	0x2000020C	uint16_t	
[123]	44	0x2000020E	uint16_t	
[124]	47	0x20000210	uint16_t	
[125]	47	0x20000212	uint16_t	
[126]	45	0x20000214	uint16_t	
[127]	45	0x20000216	uint16_t	
[128]	45	0x20000218	uint16_t	
[129]	46	0x2000021A	uint16_t	
[130]	47	0x2000021C	uint16_t	
[131]	46	0x2000021E	uint16_t	
[132]	42	0x20000220	uint16_t	
[133]	43	0x20000222	uint16_t	
[134]	45	0x20000224	uint16_t	
[135]	47	0x20000226	uint16_t	
[136]	50	0x20000228	uint16_t	
[137]	46	0x2000022A	uint16_t	
[138]	48	0x2000022C	uint16_t	
[139]	55	0x2000022E	uint16_t	
[140]	50	0x20000230	uint16_t	
[141]	43	0x20000232	uint16_t	
[142]	46	0x20000234	uint16_t	
[143]	47	0x20000236	uint16_t	
[144]	46	0x20000238	uint16_t	
[145]	47	0x2000023A	uint16_t	
[146]	49	0x2000023C	uint16_t	
[147]	48	0x2000023E	uint16_t	
[148]	48	0x20000240	uint16_t	
[149]	45	0x20000242	uint16_t	
[150]	45	0x20000244	uint16_t	
[151]	45	0x20000246	uint16_t	
[152]	51	0x20000248	uint16_t	
[153]	42	0x2000024A	uint16_t	
[154]	44	0x2000024C	uint16_t	
[155]	43	0x2000024E	uint16_t	
[156]	47	0x20000250	uint16_t	
[157]	49	0x20000252	uint16_t	
[158]	49	0x20000254	uint16_t	
[159]	45	0x20000256	uint16_t	
[160]	47	0x20000258	uint16_t	
[161]	46	0x2000025A	uint16_t	
[162]	49	0x2000025C	uint16_t	
[163]	44	0x2000025E	uint16_t	
[164]	43	0x20000260	uint16_t	
[165]	45	0x20000262	uint16_t	
[166]	47	0x20000264	uint16_t	
[167]	49	0x20000266	uint16_t	
[168]	48	0x20000268	uint16_t	
[169]	49	0x2000026A	uint16_t	
[170]	47	0x2000026C	uint16_t	
[171]	46	0x2000026E	uint16_t	
[172]	43	0x20000270	uint16_t	
[173]	49	0x20000272	uint16_t	
[174]	47	0x20000274	uint16_t	
[175]	50	0x20000276	uint16_t	
[176]	46	0x20000278	uint16_t	
[177]	45	0x2000027A	uint16_t	
[178]	46	0x2000027C	uint16_t	
[179]	47	0x2000027E	uint16_t	
[180]	49	0x20000280	uint16_t	
[181]	48	0x20000282	uint16_t	
[182]	42	0x20000284	uint16_t	
[183]	49	0x20000286	uint16_t	
[184]	51	0x20000288	uint16_t	
[185]	48	0x2000028A	uint16_t	
[186]	45	0x2000028C	uint16_t	
[187]	44	0x2000028E	uint16_t	
[188]	51	0x20000290	uint16_t	
[189]	48	0x20000292	uint16_t	
[190]	44	0x20000294	uint16_t	
[191]	47	0x20000296	uint16_t	
[192]	48	0x20000298	uint16_t	
[193]	45	0x2000029A	uint16_t	
[194]	47	0x2000029C	uint16_t	
[195]	50	0x2000029E	uint16_t	
[196]	45	0x200002A0	uint16_t	
[197]	49	0x200002A2	uint16_t	
[198]	44	0x200002A4	uint16_t	
[199]	43	0x200002A6	uint16_t	
[200]	47	0x200002A8	uint16_t	
[201]	46	0x200002AA	uint16_t	
[202]	44	0x200002AC	uint16_t	
[203]	51	0x200002AE	uint16_t	
[204]	49	0x200002B0	uint16_t	
[205]	48	0x200002B2	uint16_t	
[206]	42	0x200002B4	uint16_t	
[207]	47	0x200002B6	uint16_t	
[208]	46	0x200002B8	uint16_t	
[209]	45	0x200002BA	uint16_t	
[210]	45	0x200002BC	uint16_t	
[211]	48	0x200002BE	uint16_t	
[212]	48	0x200002C0	uint16_t	
[213]	44	0x200002C2	uint16_t	
[214]	47	0x200002C4	uint16_t	
[215]	49	0x200002C6	uint16_t	
[216]	44	0x200002C8	uint16_t	
[217]	43	0x200002CA	uint16_t	
[218]	50	0x200002CC	uint16_t	
[219]	48	0x200002CE	uint16_t	
[220]	45	0x200002D0	uint16_t	
[221]	47	0x200002D2	uint16_t	
[222]	50	0x200002D4	uint16_t	
[223]	48	0x200002D6	uint16_t	
[224]	44	0x200002D8	uint16_t	
[225]	47	0x200002DA	uint16_t	
[226]	46	0x200002DC	uint16_t	
[227]	45	0x200002DE	uint16_t	
[228]	51	0x200002E0	uint16_t	
[229]	48	0x200002E2	uint16_t	
[230]	44	0x200002E4	uint16_t	
[231]	42	0x200002E6	uint16_t	
[232]	49	0x200002E8	uint16_t	
[233]	45	0x200002EA	uint16_t	
[234]	48	0x200002EC	uint16_t	
[235]	49	0x200002EE	uint16_t	
[236]	50	0x200002F0	uint16_t	
[237]	45	0x200002F2	uint16_t	
[238]	46	0x200002F4	uint16_t	
[239]	47	0x200002F6	uint16_t	
[240]	44	0x200002F8	uint16_t	
[241]	48	0x200002FA	uint16_t	
[242]	47	0x200002FC	uint16_t	
[243]	50	0x200002FE	uint16_t	
[244]	46	0x20000300	uint16_t	
[245]	46	0x20000302	uint16_t	
[246]	53	0x20000304	uint16_t	
[247]	50	0x20000306	uint16_t	
[248]	46	0x20000308	uint16_t	
[249]	42	0x2000030A	uint16_t	
[250]	42	0x2000030C	uint16_t	
[251]	40	0x2000030E	uint16_t	
[252]	48	0x20000310	uint16_t	
[253]	55	0x20000312	uint16_t	
[254]	46	0x20000314	uint16_t	
[255]	45	0x20000316	uint16_t	
[256]	54	0x20000318	uint16_t	
[257]	48	0x2000031A	uint16_t	
[258]	44	0x2000031C	uint16_t	
[259]	49	0x2000031E	uint16_t	
[260]	47	0x20000320	uint16_t	
[261]	47	0x20000322	uint16_t	
[262]	48	0x20000324	uint16_t	
[263]	45	0x20000326	uint16_t	
[264]	51	0x20000328	uint16_t	
[265]	49	0x2000032A	uint16_t	
[266]	44	0x2000032C	uint16_t	
[267]	47	0x2000032E	uint16_t	
[268]	44	0x20000330	uint16_t	
[269]	46	0x20000332	uint16_t	
[270]	47	0x20000334	uint16_t	
[271]	47	0x20000336	uint16_t	
[272]	44	0x20000338	uint16_t	
[273]	49	0x2000033A	uint16_t	
[274]	45	0x2000033C	uint16_t	
[275]	45	0x2000033E	uint16_t	
[276]	43	0x20000340	uint16_t	
[277]	47	0x20000342	uint16_t	
[278]	48	0x20000344	uint16_t	
[279]	45	0x20000346	uint16_t	
[280]	47	0x20000348	uint16_t	
[281]	49	0x2000034A	uint16_t	
[282]	50	0x2000034C	uint16_t	
[283]	48	0x2000034E	uint16_t	
[284]	46	0x20000350	uint16_t	
[285]	43	0x20000352	uint16_t	
[286]	47	0x20000354	uint16_t	
[287]	48	0x20000356	uint16_t	
[288]	45	0x20000358	uint16_t	
[289]	44	0x2000035A	uint16_t	
[290]	44	0x2000035C	uint16_t	
[291]	47	0x2000035E	uint16_t	
[292]	52	0x20000360	uint16_t	
[293]	51	0x20000362	uint16_t	
[294]	44	0x20000364	uint16_t	
[295]	45	0x20000366	uint16_t	
[296]	46	0x20000368	uint16_t	
[297]	47	0x2000036A	uint16_t	
[298]	46	0x2000036C	uint16_t	
[299]	46	0x2000036E	uint16_t	
[300]	44	0x20000370	uint16_t	
[301]	48	0x20000372	uint16_t	
[302]	49	0x20000374	uint16_t	
[303]	48	0x20000376	uint16_t	
[304]	48	0x20000378	uint16_t	
[305]	48	0x2000037A	uint16_t	
[306]	44	0x2000037C	uint16_t	
[307]	44	0x2000037E	uint16_t	
[308]	44	0x20000380	uint16_t	
[309]	49	0x20000382	uint16_t	
[310]	50	0x20000384	uint16_t	
[311]	44	0x20000386	uint16_t	
[312]	45	0x20000388	uint16_t	
[313]	47	0x2000038A	uint16_t	
[314]	48	0x2000038C	uint16_t	
[315]	44	0x2000038E	uint16_t	
[316]	45	0x20000390	uint16_t	
[317]	50	0x20000392	uint16_t	
[318]	46	0x20000394	uint16_t	
[319]	46	0x20000396	uint16_t	
[320]	45	0x20000398	uint16_t	
[321]	47	0x2000039A	uint16_t	
[322]	47	0x2000039C	uint16_t	
[323]	45	0x2000039E	uint16_t	
[324]	47	0x200003A0	uint16_t	
[325]	47	0x200003A2	uint16_t	
[326]	48	0x200003A4	uint16_t	
[327]	47	0x200003A6	uint16_t	
[328]	50	0x200003A8	uint16_t	
[329]	50	0x200003AA	uint16_t	
[330]	51	0x200003AC	uint16_t	
[331]	48	0x200003AE	uint16_t	
[332]	51	0x200003B0	uint16_t	
[333]	46	0x200003B2	uint16_t	
[334]	42	0x200003B4	uint16_t	
[335]	45	0x200003B6	uint16_t	
[336]	49	0x200003B8	uint16_t	
[337]	47	0x200003BA	uint16_t	
[338]	47	0x200003BC	uint16_t	
[339]	47	0x200003BE	uint16_t	
[340]	42	0x200003C0	uint16_t	
[341]	44	0x200003C2	uint16_t	
[342]	46	0x200003C4	uint16_t	
[343]	47	0x200003C6	uint16_t	
[344]	47	0x200003C8	uint16_t	
[345]	51	0x200003CA	uint16_t	
[346]	49	0x200003CC	uint16_t	
[347]	48	0x200003CE	uint16_t	
[348]	47	0x200003D0	uint16_t	
[349]	45	0x200003D2	uint16_t	
[350]	45	0x200003D4	uint16_t	
[351]	48	0x200003D6	uint16_t	
[352]	50	0x200003D8	uint16_t	
[353]	46	0x200003DA	uint16_t	
[354]	42	0x200003DC	uint16_t	
[355]	45	0x200003DE	uint16_t	
[356]	49	0x200003E0	uint16_t	
[357]	50	0x200003E2	uint16_t	
[358]	44	0x200003E4	uint16_t	
[359]	48	0x200003E6	uint16_t	
[360]	46	0x200003E8	uint16_t	
[361]	47	0x200003EA	uint16_t	
[362]	48	0x200003EC	uint16_t	
[363]	44	0x200003EE	uint16_t	
[364]	43	0x200003F0	uint16_t	
[365]	43	0x200003F2	uint16_t	
[366]	51	0x200003F4	uint16_t	
[367]	50	0x200003F6	uint16_t	
[368]	48	0x200003F8	uint16_t	
[369]	49	0x200003FA	uint16_t	
[370]	45	0x200003FC	uint16_t	
[371]	45	0x200003FE	uint16_t	
[372]	49	0x20000400	uint16_t	
[373]	51	0x20000402	uint16_t	
[374]	46	0x20000404	uint16_t	
[375]	42	0x20000406	uint16_t	
[376]	47	0x20000408	uint16_t	
[377]	48	0x2000040A	uint16_t	
[378]	47	0x2000040C	uint16_t	
[379]	49	0x2000040E	uint16_t	
[380]	49	0x20000410	uint16_t	
[381]	45	0x20000412	uint16_t	
[382]	46	0x20000414	uint16_t	
[383]	51	0x20000416	uint16_t	
[384]	50	0x20000418	uint16_t	
[385]	47	0x2000041A	uint16_t	
[386]	47	0x2000041C	uint16_t	
[387]	50	0x2000041E	uint16_t	
[388]	41	0x20000420	uint16_t	
[389]	45	0x20000422	uint16_t	
[390]	49	0x20000424	uint16_t	
[391]	49	0x20000426	uint16_t	
[392]	45	0x20000428	uint16_t	
[393]	45	0x2000042A	uint16_t	
[394]	45	0x2000042C	uint16_t	
[395]	50	0x2000042E	uint16_t	
[396]	50	0x20000430	uint16_t	
[397]	46	0x20000432	uint16_t	
[398]	44	0x20000434	uint16_t	
[399]	45	0x20000436	uint16_t	
[400]	49	0x20000438	uint16_t	
[401]	50	0x2000043A	uint16_t	
[402]	49	0x2000043C	uint16_t	
[403]	45	0x2000043E	uint16_t	
[404]	44	0x20000440	uint16_t	
[405]	47	0x20000442	uint16_t	
[406]	52	0x20000444	uint16_t	
[407]	49	0x20000446	uint16_t	
[408]	48	0x20000448	uint16_t	
[409]	46	0x2000044A	uint16_t	
[410]	46	0x2000044C	uint16_t	
[411]	43	0x2000044E	uint16_t	
[412]	42	0x20000450	uint16_t	
[413]	43	0x20000452	uint16_t	
[414]	47	0x20000454	uint16_t	
[415]	50	0x20000456	uint16_t	
[416]	42	0x20000458	uint16_t	
[417]	42	0x2000045A	uint16_t	
[418]	45	0x2000045C	uint16_t	
[419]	44	0x2000045E	uint16_t	
[420]	43	0x20000460	uint16_t	
[421]	45	0x20000462	uint16_t	
[422]	50	0x20000464	uint16_t	
[423]	50	0x20000466	uint16_t	
[424]	45	0x20000468	uint16_t	
[425]	49	0x2000046A	uint16_t	
[426]	50	0x2000046C	uint16_t	
[427]	47	0x2000046E	uint16_t	
[428]	48	0x20000470	uint16_t	
[429]	44	0x20000472	uint16_t	
[430]	43	0x20000474	uint16_t	
[431]	47	0x20000476	uint16_t	
[432]	51	0x20000478	uint16_t	
[433]	46	0x2000047A	uint16_t	
[434]	45	0x2000047C	uint16_t	
[435]	49	0x2000047E	uint16_t	
[436]	50	0x20000480	uint16_t	
[437]	47	0x20000482	uint16_t	
[438]	46	0x20000484	uint16_t	
[439]	46	0x20000486	uint16_t	
[440]	43	0x20000488	uint16_t	
[441]	43	0x2000048A	uint16_t	
[442]	47	0x2000048C	uint16_t	
[443]	50	0x2000048E	uint16_t	
[444]	45	0x20000490	uint16_t	
[445]	48	0x20000492	uint16_t	
[446]	45	0x20000494	uint16_t	
[447]	50	0x20000496	uint16_t	
[448]	48	0x20000498	uint16_t	
[449]	47	0x2000049A	uint16_t	
[450]	47	0x2000049C	uint16_t	
[451]	48	0x2000049E	uint16_t	
[452]	44	0x200004A0	uint16_t	
[453]	44	0x200004A2	uint16_t	
[454]	42	0x200004A4	uint16_t	
[455]	45	0x200004A6	uint16_t	
[456]	47	0x200004A8	uint16_t	
[457]	48	0x200004AA	uint16_t	
[458]	48	0x200004AC	uint16_t	
[459]	44	0x200004AE	uint16_t	
[460]	45	0x200004B0	uint16_t	
[461]	49	0x200004B2	uint16_t	
[462]	47	0x200004B4	uint16_t	
[463]	50	0x200004B6	uint16_t	
[464]	42	0x200004B8	uint16_t	
[465]	47	0x200004BA	uint16_t	
[466]	50	0x200004BC	uint16_t	
[467]	44	0x200004BE	uint16_t	
[468]	43	0x200004C0	uint16_t	
[469]	43	0x200004C2	uint16_t	
[470]	50	0x200004C4	uint16_t	
[471]	50	0x200004C6	uint16_t	
[472]	48	0x200004C8	uint16_t	
[473]	44	0x200004CA	uint16_t	
[474]	44	0x200004CC	uint16_t	
[475]	44	0x200004CE	uint16_t	
[476]	47	0x200004D0	uint16_t	
[477]	50	0x200004D2	uint16_t	
[478]	48	0x200004D4	uint16_t	
[479]	44	0x200004D6	uint16_t	
[480]	44	0x200004D8	uint16_t	
[481]	47	0x200004DA	uint16_t	
[482]	50	0x200004DC	uint16_t	
[483]	51	0x200004DE	uint16_t	
[484]	46	0x200004E0	uint16_t	
[485]	48	0x200004E2	uint16_t	
[486]	44	0x200004E4	uint16_t	
[487]	49	0x200004E6	uint16_t	
[488]	47	0x200004E8	uint16_t	
[489]	44	0x200004EA	uint16_t	
[490]	47	0x200004EC	uint16_t	
[491]	47	0x200004EE	uint16_t	
[492]	47	0x200004F0	uint16_t	
[493]	46	0x200004F2	uint16_t	
[494]	46	0x200004F4	uint16_t	
[495]	43	0x200004F6	uint16_t	
[496]	43	0x200004F8	uint16_t	
[497]	47	0x200004FA	uint16_t	
[498]	47	0x200004FC	uint16_t	
[499]	44	0x200004FE	uint16_t	
[500]	44	0x20000500	uint16_t	
[501]	42	0x20000502	uint16_t	
[502]	41	0x20000504	uint16_t	
[503]	42	0x20000506	uint16_t	
[504]	45	0x20000508	uint16_t	
[505]	45	0x2000050A	uint16_t	
[506]	42	0x2000050C	uint16_t	
[507]	47	0x2000050E	uint16_t	
[508]	47	0x20000510	uint16_t	
[509]	50	0x20000512	uint16_t	
[510]	49	0x20000514	uint16_t	
[511]	45	0x20000516	uint16_t	
[512]	44	0x20000518	uint16_t	
[513]	47	0x2000051A	uint16_t	
[514]	49	0x2000051C	uint16_t	
[515]	50	0x2000051E	uint16_t	
[516]	44	0x20000520	uint16_t	
[517]	41	0x20000522	uint16_t	
[518]	45	0x20000524	uint16_t	
[519]	49	0x20000526	uint16_t	
[520]	50	0x20000528	uint16_t	
[521]	50	0x2000052A	uint16_t	
[522]	47	0x2000052C	uint16_t	
[523]	46	0x2000052E	uint16_t	
[524]	45	0x20000530	uint16_t	
[525]	49	0x20000532	uint16_t	
[526]	45	0x20000534	uint16_t	
[527]	46	0x20000536	uint16_t	
[528]	50	0x20000538	uint16_t	
[529]	49	0x2000053A	uint16_t	
[530]	50	0x2000053C	uint16_t	
[531]	44	0x2000053E	uint16_t	
[532]	46	0x20000540	uint16_t	
[533]	46	0x20000542	uint16_t	
[534]	46	0x20000544	uint16_t	
[535]	46	0x20000546	uint16_t	
[536]	46	0x20000548	uint16_t	
[537]	47	0x2000054A	uint16_t	
[538]	47	0x2000054C	uint16_t	
[539]	49	0x2000054E	uint16_t	
[540]	49	0x20000550	uint16_t	
[541]	45	0x20000552	uint16_t	
[542]	45	0x20000554	uint16_t	
[543]	48	0x20000556	uint16_t	
[544]	45	0x20000558	uint16_t	
[545]	45	0x2000055A	uint16_t	
[546]	47	0x2000055C	uint16_t	
[547]	44	0x2000055E	uint16_t	
[548]	47	0x20000560	uint16_t	
[549]	50	0x20000562	uint16_t	
[550]	47	0x20000564	uint16_t	
[551]	46	0x20000566	uint16_t	
[552]	46	0x20000568	uint16_t	
[553]	40	0x2000056A	uint16_t	
[554]	51	0x2000056C	uint16_t	
[555]	49	0x2000056E	uint16_t	
[556]	38	0x20000570	uint16_t	
[557]	42	0x20000572	uint16_t	
[558]	45	0x20000574	uint16_t	
[559]	49	0x20000576	uint16_t	
[560]	49	0x20000578	uint16_t	
[561]	48	0x2000057A	uint16_t	
[562]	48	0x2000057C	uint16_t	
[563]	46	0x2000057E	uint16_t	
[564]	45	0x20000580	uint16_t	
[565]	44	0x20000582	uint16_t	
[566]	44	0x20000584	uint16_t	
[567]	44	0x20000586	uint16_t	
[568]	43	0x20000588	uint16_t	
[569]	51	0x2000058A	uint16_t	
[570]	51	0x2000058C	uint16_t	
[571]	47	0x2000058E	uint16_t	
[572]	50	0x20000590	uint16_t	
[573]	55	0x20000592	uint16_t	
[574]	48	0x20000594	uint16_t	
[575]	46	0x20000596	uint16_t	
[576]	47	0x20000598	uint16_t	
[577]	47	0x2000059A	uint16_t	
[578]	47	0x2000059C	uint16_t	
[579]	45	0x2000059E	uint16_t	
[580]	48	0x200005A0	uint16_t	
[581]	45	0x200005A2	uint16_t	
[582]	45	0x200005A4	uint16_t	
[583]	45	0x200005A6	uint16_t	
[584]	48	0x200005A8	uint16_t	
[585]	42	0x200005AA	uint16_t	
[586]	49	0x200005AC	uint16_t	
[587]	48	0x200005AE	uint16_t	
[588]	48	0x200005B0	uint16_t	
[589]	45	0x200005B2	uint16_t	
[590]	47	0x200005B4	uint16_t	
[591]	47	0x200005B6	uint16_t	
[592]	50	0x200005B8	uint16_t	
[593]	44	0x200005BA	uint16_t	
[594]	41	0x200005BC	uint16_t	
[595]	43	0x200005BE	uint16_t	
[596]	47	0x200005C0	uint16_t	
[597]	50	0x200005C2	uint16_t	
[598]	50	0x200005C4	uint16_t	
[599]	42	0x200005C6	uint16_t	
[600]	43	0x200005C8	uint16_t	
[601]	43	0x200005CA	uint16_t	
[602]	47	0x200005CC	uint16_t	
[603]	46	0x200005CE	uint16_t	
[604]	48	0x200005D0	uint16_t	
[605]	51	0x200005D2	uint16_t	
[606]	49	0x200005D4	uint16_t	
[607]	48	0x200005D6	uint16_t	
[608]	42	0x200005D8	uint16_t	
[609]	43	0x200005DA	uint16_t	
[610]	42	0x200005DC	uint16_t	
[611]	47	0x200005DE	uint16_t	
[612]	47	0x200005E0	uint16_t	
[613]	50	0x200005E2	uint16_t	
[614]	49	0x200005E4	uint16_t	
[615]	47	0x200005E6	uint16_t	
[616]	49	0x200005E8	uint16_t	
[617]	45	0x200005EA	uint16_t	
[618]	48	0x200005EC	uint16_t	
[619]	44	0x200005EE	uint16_t	
[620]	47	0x200005F0	uint16_t	
[621]	48	0x200005F2	uint16_t	
[622]	50	0x200005F4	uint16_t	
[623]	46	0x200005F6	uint16_t	
[624]	46	0x200005F8	uint16_t	
[625]	47	0x200005FA	uint16_t	
[626]	52	0x200005FC	uint16_t	
[627]	46	0x200005FE	uint16_t	
[628]	42	0x20000600	uint16_t	
[629]	43	0x20000602	uint16_t	
[630]	45	0x20000604	uint16_t	
[631]	43	0x20000606	uint16_t	
[632]	51	0x20000608	uint16_t	
[633]	50	0x2000060A	uint16_t	
[634]	45	0x2000060C	uint16_t	
[635]	46	0x2000060E	uint16_t	
[636]	48	0x20000610	uint16_t	
[637]	46	0x20000612	uint16_t	
[638]	45	0x20000614	uint16_t	
[639]	47	0x20000616	uint16_t	
[640]	49	0x20000618	uint16_t	
[641]	48	0x2000061A	uint16_t	
[642]	46	0x2000061C	uint16_t	
[643]	47	0x2000061E	uint16_t	
[644]	44	0x20000620	uint16_t	
[645]	47	0x20000622	uint16_t	
[646]	48	0x20000624	uint16_t	
[647]	45	0x20000626	uint16_t	
[648]	48	0x20000628	uint16_t	
[649]	44	0x2000062A	uint16_t	
[650]	48	0x2000062C	uint16_t	
[651]	52	0x2000062E	uint16_t	
[652]	42	0x20000630	uint16_t	
[653]	42	0x20000632	uint16_t	
[654]	43	0x20000634	uint16_t	
[655]	47	0x20000636	uint16_t	
[656]	50	0x20000638	uint16_t	
[657]	49	0x2000063A	uint16_t	
[658]	45	0x2000063C	uint16_t	
[659]	48	0x2000063E	uint16_t	
[660]	45	0x20000640	uint16_t	
[661]	47	0x20000642	uint16_t	
[662]	45	0x20000644	uint16_t	
[663]	47	0x20000646	uint16_t	
[664]	44	0x20000648	uint16_t	
[665]	45	0x2000064A	uint16_t	
[666]	49	0x2000064C	uint16_t	
[667]	53	0x2000064E	uint16_t	
[668]	50	0x20000650	uint16_t	
[669]	48	0x20000652	uint16_t	
[670]	46	0x20000654	uint16_t	
[671]	43	0x20000656	uint16_t	
[672]	48	0x20000658	uint16_t	
[673]	47	0x2000065A	uint16_t	
[674]	49	0x2000065C	uint16_t	
[675]	45	0x2000065E	uint16_t	
[676]	45	0x20000660	uint16_t	
[677]	47	0x20000662	uint16_t	
[678]	46	0x20000664	uint16_t	
[679]	50	0x20000666	uint16_t	
[680]	49	0x20000668	uint16_t	
[681]	48	0x2000066A	uint16_t	
[682]	40	0x2000066C	uint16_t	
[683]	44	0x2000066E	uint16_t	
[684]	47	0x20000670	uint16_t	
[685]	48	0x20000672	uint16_t	
[686]	44	0x20000674	uint16_t	
[687]	43	0x20000676	uint16_t	
[688]	47	0x20000678	uint16_t	
[689]	49	0x2000067A	uint16_t	
[690]	48	0x2000067C	uint16_t	
[691]	45	0x2000067E	uint16_t	
[692]	49	0x20000680	uint16_t	
[693]	51	0x20000682	uint16_t	
[694]	50	0x20000684	uint16_t	
[695]	48	0x20000686	uint16_t	
[696]	45	0x20000688	uint16_t	
[697]	49	0x2000068A	uint16_t	
[698]	51	0x2000068C	uint16_t	
[699]	48	0x2000068E	uint16_t	
[700]	44	0x20000690	uint16_t	
[701]	50	0x20000692	uint16_t	
[702]	46	0x20000694	uint16_t	
[703]	45	0x20000696	uint16_t	
[704]	47	0x20000698	uint16_t	
[705]	50	0x2000069A	uint16_t	
[706]	44	0x2000069C	uint16_t	
[707]	51	0x2000069E	uint16_t	
[708]	53	0x200006A0	uint16_t	
[709]	52	0x200006A2	uint16_t	
[710]	46	0x200006A4	uint16_t	
[711]	47	0x200006A6	uint16_t	
[712]	49	0x200006A8	uint16_t	
[713]	44	0x200006AA	uint16_t	
[714]	43	0x200006AC	uint16_t	
[715]	46	0x200006AE	uint16_t	
[716]	47	0x200006B0	uint16_t	
[717]	48	0x200006B2	uint16_t	
[718]	48	0x200006B4	uint16_t	
[719]	45	0x200006B6	uint16_t	
[720]	50	0x200006B8	uint16_t	
[721]	48	0x200006BA	uint16_t	
[722]	48	0x200006BC	uint16_t	
[723]	43	0x200006BE	uint16_t	
[724]	47	0x200006C0	uint16_t	
[725]	50	0x200006C2	uint16_t	
[726]	45	0x200006C4	uint16_t	
[727]	44	0x200006C6	uint16_t	
[728]	50	0x200006C8	uint16_t	
[729]	48	0x200006CA	uint16_t	
[730]	47	0x200006CC	uint16_t	
[731]	44	0x200006CE	uint16_t	
[732]	44	0x200006D0	uint16_t	
[733]	45	0x200006D2	uint16_t	
[734]	45	0x200006D4	uint16_t	
[735]	50	0x200006D6	uint16_t	
[736]	44	0x200006D8	uint16_t	
[737]	44	0x200006DA	uint16_t	
[738]	49	0x200006DC	uint16_t	
[739]	51	0x200006DE	uint16_t	
[740]	50	0x200006E0	uint16_t	
[741]	43	0x200006E2	uint16_t	
[742]	48	0x200006E4	uint16_t	
[743]	41	0x200006E6	uint16_t	
[744]	49	0x200006E8	uint16_t	
[745]	51	0x200006EA	uint16_t	
[746]	49	0x200006EC	uint16_t	
[747]	44	0x200006EE	uint16_t	
[748]	45	0x200006F0	uint16_t	
[749]	51	0x200006F2	uint16_t	
[750]	44	0x200006F4	uint16_t	
[751]	43	0x200006F6	uint16_t	
[752]	43	0x200006F8	uint16_t	
[753]	41	0x200006FA	uint16_t	
[754]	42	0x200006FC	uint16_t	
[755]	47	0x200006FE	uint16_t	
[756]	50	0x20000700	uint16_t	
[757]	44	0x20000702	uint16_t	
[758]	50	0x20000704	uint16_t	
[759]	47	0x20000706	uint16_t	
[760]	46	0x20000708	uint16_t	
[761]	43	0x2000070A	uint16_t	
[762]	49	0x2000070C	uint16_t	
[763]	48	0x2000070E	uint16_t	
[764]	45	0x20000710	uint16_t	
[765]	50	0x20000712	uint16_t	
[766]	45	0x20000714	uint16_t	
[767]	50	0x20000716	uint16_t	
[768]	50	0x20000718	uint16_t	
[769]	48	0x2000071A	uint16_t	
[770]	45	0x2000071C	uint16_t	
[771]	40	0x2000071E	uint16_t	
[772]	45	0x20000720	uint16_t	
[773]	47	0x20000722	uint16_t	
[774]	48	0x20000724	uint16_t	
[775]	42	0x20000726	uint16_t	
[776]	47	0x20000728	uint16_t	
[777]	47	0x2000072A	uint16_t	
[778]	48	0x2000072C	uint16_t	
[779]	43	0x2000072E	uint16_t	
[780]	49	0x20000730	uint16_t	
[781]	51	0x20000732	uint16_t	
[782]	48	0x20000734	uint16_t	
[783]	48	0x20000736	uint16_t	
[784]	49	0x20000738	uint16_t	
[785]	46	0x2000073A	uint16_t	
[786]	45	0x2000073C	uint16_t	
[787]	47	0x2000073E	uint16_t	
[788]	49	0x20000740	uint16_t	
[789]	50	0x20000742	uint16_t	
[790]	50	0x20000744	uint16_t	
[791]	46	0x20000746	uint16_t	
[792]	47	0x20000748	uint16_t	
[793]	51	0x2000074A	uint16_t	
[794]	48	0x2000074C	uint16_t	
[795]	46	0x2000074E	uint16_t	
[796]	49	0x20000750	uint16_t	
[797]	49	0x20000752	uint16_t	
[798]	46	0x20000754	uint16_t	
[799]	45	0x20000756	uint16_t	
[800]	48	0x20000758	uint16_t	
[801]	50	0x2000075A	uint16_t	
[802]	50	0x2000075C	uint16_t	
[803]	48	0x2000075E	uint16_t	
[804]	44	0x20000760	uint16_t	
[805]	42	0x20000762	uint16_t	
[806]	45	0x20000764	uint16_t	
[807]	49	0x20000766	uint16_t	
[808]	40	0x20000768	uint16_t	
[809]	46	0x2000076A	uint16_t	
[810]	45	0x2000076C	uint16_t	
[811]	47	0x2000076E	uint16_t	
[812]	45	0x20000770	uint16_t	
[813]	44	0x20000772	uint16_t	
[814]	48	0x20000774	uint16_t	
[815]	49	0x20000776	uint16_t	
[816]	48	0x20000778	uint16_t	
[817]	44	0x2000077A	uint16_t	
[818]	42	0x2000077C	uint16_t	
[819]	44	0x2000077E	uint16_t	
[820]	47	0x20000780	uint16_t	
[821]	49	0x20000782	uint16_t	
[822]	49	0x20000784	uint16_t	
[823]	48	0x20000786	uint16_t	
[824]	48	0x20000788	uint16_t	
[825]	49	0x2000078A	uint16_t	
[826]	47	0x2000078C	uint16_t	
[827]	47	0x2000078E	uint16_t	
[828]	44	0x20000790	uint16_t	
[829]	42	0x20000792	uint16_t	
[830]	47	0x20000794	uint16_t	
[831]	47	0x20000796	uint16_t	
[832]	50	0x20000798	uint16_t	
[833]	46	0x2000079A	uint16_t	
[834]	44	0x2000079C	uint16_t	
[835]	47	0x2000079E	uint16_t	
[836]	49	0x200007A0	uint16_t	
[837]	50	0x200007A2	uint16_t	
[838]	51	0x200007A4	uint16_t	
[839]	42	0x200007A6	uint16_t	
[840]	49	0x200007A8	uint16_t	
[841]	46	0x200007AA	uint16_t	
[842]	45	0x200007AC	uint16_t	
[843]	41	0x200007AE	uint16_t	
[844]	47	0x200007B0	uint16_t	
[845]	49	0x200007B2	uint16_t	
[846]	48	0x200007B4	uint16_t	
[847]	48	0x200007B6	uint16_t	
[848]	47	0x200007B8	uint16_t	
[849]	50	0x200007BA	uint16_t	
[850]	48	0x200007BC	uint16_t	
[851]	44	0x200007BE	uint16_t	
[852]	43	0x200007C0	uint16_t	
[853]	50	0x200007C2	uint16_t	
[854]	43	0x200007C4	uint16_t	
[855]	47	0x200007C6	uint16_t	
[856]	46	0x200007C8	uint16_t	
[857]	42	0x200007CA	uint16_t	
[858]	47	0x200007CC	uint16_t	
[859]	51	0x200007CE	uint16_t	
[860]	48	0x200007D0	uint16_t	
[861]	48	0x200007D2	uint16_t	
[862]	50	0x200007D4	uint16_t	
[863]	50	0x200007D6	uint16_t	
[864]	50	0x200007D8	uint16_t	
[865]	42	0x200007DA	uint16_t	
[866]	47	0x200007DC	uint16_t	
[867]	47	0x200007DE	uint16_t	
[868]	44	0x200007E0	uint16_t	
[869]	44	0x200007E2	uint16_t	
[870]	49	0x200007E4	uint16_t	
[871]	45	0x200007E6	uint16_t	
[872]	45	0x200007E8	uint16_t	
[873]	51	0x200007EA	uint16_t	
[874]	48	0x200007EC	uint16_t	
[875]	43	0x200007EE	uint16_t	
[876]	43	0x200007F0	uint16_t	
[877]	49	0x200007F2	uint16_t	
[878]	48	0x200007F4	uint16_t	
[879]	48	0x200007F6	uint16_t	
[880]	48	0x200007F8	uint16_t	
[881]	45	0x200007FA	uint16_t	
[882]	46	0x200007FC	uint16_t	
[883]	50	0x200007FE	uint16_t	
[884]	42	0x20000800	uint16_t	
[885]	40	0x20000802	uint16_t	
[886]	46	0x20000804	uint16_t	
[887]	49	0x20000806	uint16_t	
[888]	48	0x20000808	uint16_t	
[889]	46	0x2000080A	uint16_t	
[890]	48	0x2000080C	uint16_t	
[891]	47	0x2000080E	uint16_t	
[892]	49	0x20000810	uint16_t	
[893]	48	0x20000812	uint16_t	
[894]	52	0x20000814	uint16_t	
[895]	44	0x20000816	uint16_t	
[896]	46	0x20000818	uint16_t	
[897]	47	0x2000081A	uint16_t	
[898]	48	0x2000081C	uint16_t	
[899]	43	0x2000081E	uint16_t	
[900]	47	0x20000820	uint16_t	
[901]	49	0x20000822	uint16_t	
[902]	50	0x20000824	uint16_t	
[903]	48	0x20000826	uint16_t	
[904]	48	0x20000828	uint16_t	
[905]	44	0x2000082A	uint16_t	
[906]	53	0x2000082C	uint16_t	
[907]	47	0x2000082E	uint16_t	
[908]	48	0x20000830	uint16_t	
[909]	42	0x20000832	uint16_t	
[910]	43	0x20000834	uint16_t	
[911]	47	0x20000836	uint16_t	
[912]	48	0x20000838	uint16_t	
[913]	49	0x2000083A	uint16_t	
[914]	50	0x2000083C	uint16_t	
[915]	50	0x2000083E	uint16_t	
[916]	43	0x20000840	uint16_t	
[917]	46	0x20000842	uint16_t	
[918]	49	0x20000844	uint16_t	
[919]	50	0x20000846	uint16_t	
[920]	46	0x20000848	uint16_t	
[921]	45	0x2000084A	uint16_t	
[922]	45	0x2000084C	uint16_t	
[923]	48	0x2000084E	uint16_t	
[924]	50	0x20000850	uint16_t	
[925]	50	0x20000852	uint16_t	
[926]	44	0x20000854	uint16_t	
[927]	47	0x20000856	uint16_t	
[928]	47	0x20000858	uint16_t	
[929]	46	0x2000085A	uint16_t	
[930]	46	0x2000085C	uint16_t	
[931]	45	0x2000085E	uint16_t	
[932]	49	0x20000860	uint16_t	
[933]	46	0x20000862	uint16_t	
[934]	47	0x20000864	uint16_t	
[935]	46	0x20000866	uint16_t	
[936]	50	0x20000868	uint16_t	
[937]	47	0x2000086A	uint16_t	
[938]	42	0x2000086C	uint16_t	
[939]	47	0x2000086E	uint16_t	
[940]	47	0x20000870	uint16_t	
[941]	44	0x20000872	uint16_t	
[942]	45	0x20000874	uint16_t	
[943]	50	0x20000876	uint16_t	
[944]	46	0x20000878	uint16_t	
[945]	43	0x2000087A	uint16_t	
[946]	47	0x2000087C	uint16_t	
[947]	49	0x2000087E	uint16_t	
[948]	47	0x20000880	uint16_t	
[949]	45	0x20000882	uint16_t	
[950]	48	0x20000884	uint16_t	
[951]	51	0x20000886	uint16_t	
[952]	50	0x20000888	uint16_t	
[953]	47	0x2000088A	uint16_t	
[954]	44	0x2000088C	uint16_t	
[955]	42	0x2000088E	uint16_t	
[956]	47	0x20000890	uint16_t	
[957]	48	0x20000892	uint16_t	
[958]	43	0x20000894	uint16_t	
[959]	47	0x20000896	uint16_t	
[960]	50	0x20000898	uint16_t	
[961]	50	0x2000089A	uint16_t	
[962]	48	0x2000089C	uint16_t	
[963]	44	0x2000089E	uint16_t	
[964]	45	0x200008A0	uint16_t	
[965]	50	0x200008A2	uint16_t	
[966]	42	0x200008A4	uint16_t	
[967]	47	0x200008A6	uint16_t	
[968]	50	0x200008A8	uint16_t	
[969]	45	0x200008AA	uint16_t	
[970]	45	0x200008AC	uint16_t	
[971]	50	0x200008AE	uint16_t	
[972]	48	0x200008B0	uint16_t	
[973]	45	0x200008B2	uint16_t	
[974]	47	0x200008B4	uint16_t	
[975]	50	0x200008B6	uint16_t	
[976]	47	0x200008B8	uint16_t	
[977]	46	0x200008BA	uint16_t	
[978]	48	0x200008BC	uint16_t	
[979]	50	0x200008BE	uint16_t	
[980]	50	0x200008C0	uint16_t	
[981]	46	0x200008C2	uint16_t	
[982]	47	0x200008C4	uint16_t	
[983]	46	0x200008C6	uint16_t	
[984]	43	0x200008C8	uint16_t	
[985]	47	0x200008CA	uint16_t	
[986]	47	0x200008CC	uint16_t	
[987]	45	0x200008CE	uint16_t	
[988]	48	0x200008D0	uint16_t	
[989]	51	0x200008D2	uint16_t	
[990]	43	0x200008D4	uint16_t	
[991]	47	0x200008D6	uint16_t	
[992]	48	0x200008D8	uint16_t	
[993]	45	0x200008DA	uint16_t	
[994]	44	0x200008DC	uint16_t	
[995]	50	0x200008DE	uint16_t	
[996]	50	0x200008E0	uint16_t	
[997]	50	0x200008E2	uint16_t	
[998]	44	0x200008E4	uint16_t	
[999]	49	0x200008E6	uint16_t	
[1000]	46	0x200008E8	uint16_t	
[1001]	48	0x200008EA	uint16_t	
[1002]	48	0x200008EC	uint16_t	
[1003]	50	0x200008EE	uint16_t	
[1004]	50	0x200008F0	uint16_t	
[1005]	43	0x200008F2	uint16_t	
[1006]	43	0x200008F4	uint16_t	
[1007]	47	0x200008F6	uint16_t	
[1008]	47	0x200008F8	uint16_t	
[1009]	48	0x200008FA	uint16_t	
[1010]	45	0x200008FC	uint16_t	
[1011]	47	0x200008FE	uint16_t	
[1012]	50	0x20000900	uint16_t	
[1013]	48	0x20000902	uint16_t	
[1014]	45	0x20000904	uint16_t	
[1015]	47	0x20000906	uint16_t	
[1016]	48	0x20000908	uint16_t	
[1017]	46	0x2000090A	uint16_t	
[1018]	42	0x2000090C	uint16_t	
[1019]	50	0x2000090E	uint16_t	
[1020]	48	0x20000910	uint16_t	
[1021]	48	0x20000912	uint16_t	
[1022]	46	0x20000914	uint16_t	
[1023]	50	0x20000916	uint16_t	
[1024]	48	0x20000918	uint16_t	
[1025]	48	0x2000091A	uint16_t	
[1026]	42	0x2000091C	uint16_t	
[1027]	43	0x2000091E	uint16_t	
[1028]	49	0x20000920	uint16_t	
[1029]	48	0x20000922	uint16_t	
[1030]	45	0x20000924	uint16_t	
[1031]	50	0x20000926	uint16_t	
[1032]	50	0x20000928	uint16_t	
[1033]	48	0x2000092A	uint16_t	
[1034]	43	0x2000092C	uint16_t	
[1035]	49	0x2000092E	uint16_t	
[1036]	44	0x20000930	uint16_t	
[1037]	45	0x20000932	uint16_t	
[1038]	47	0x20000934	uint16_t	
[1039]	48	0x20000936	uint16_t	
[1040]	45	0x20000938	uint16_t	
[1041]	44	0x2000093A	uint16_t	
[1042]	47	0x2000093C	uint16_t	
[1043]	50	0x2000093E	uint16_t	
[1044]	46	0x20000940	uint16_t	
[1045]	45	0x20000942	uint16_t	
[1046]	48	0x20000944	uint16_t	
[1047]	50	0x20000946	uint16_t	
[1048]	45	0x20000948	uint16_t	
[1049]	45	0x2000094A	uint16_t	
[1050]	44	0x2000094C	uint16_t	
[1051]	45	0x2000094E	uint16_t	
[1052]	49	0x20000950	uint16_t	
[1053]	50	0x20000952	uint16_t	
[1054]	46	0x20000954	uint16_t	
[1055]	47	0x20000956	uint16_t	
[1056]	50	0x20000958	uint16_t	
[1057]	48	0x2000095A	uint16_t	
[1058]	49	0x2000095C	uint16_t	
[1059]	45	0x2000095E	uint16_t	
[1060]	45	0x20000960	uint16_t	
[1061]	44	0x20000962	uint16_t	
[1062]	46	0x20000964	uint16_t	
[1063]	50	0x20000966	uint16_t	
[1064]	51	0x20000968	uint16_t	
[1065]	49	0x2000096A	uint16_t	
[1066]	48	0x2000096C	uint16_t	
[1067]	45	0x2000096E	uint16_t	
[1068]	49	0x20000970	uint16_t	
[1069]	47	0x20000972	uint16_t	
[1070]	46	0x20000974	uint16_t	
[1071]	43	0x20000976	uint16_t	
[1072]	43	0x20000978	uint16_t	
[1073]	49	0x2000097A	uint16_t	
[1074]	50	0x2000097C	uint16_t	
[1075]	47	0x2000097E	uint16_t	
[1076]	45	0x20000980	uint16_t	
[1077]	44	0x20000982	uint16_t	
[1078]	48	0x20000984	uint16_t	
[1079]	43	0x20000986	uint16_t	
[1080]	49	0x20000988	uint16_t	
[1081]	51	0x2000098A	uint16_t	
[1082]	44	0x2000098C	uint16_t	
[1083]	47	0x2000098E	uint16_t	
[1084]	49	0x20000990	uint16_t	
[1085]	50	0x20000992	uint16_t	
[1086]	48	0x20000994	uint16_t	
[1087]	49	0x20000996	uint16_t	
[1088]	50	0x20000998	uint16_t	
[1089]	49	0x2000099A	uint16_t	
[1090]	51	0x2000099C	uint16_t	
[1091]	52	0x2000099E	uint16_t	
[1092]	51	0x200009A0	uint16_t	
[1093]	45	0x200009A2	uint16_t	
[1094]	44	0x200009A4	uint16_t	
[1095]	43	0x200009A6	uint16_t	
[1096]	50	0x200009A8	uint16_t	
[1097]	51	0x200009AA	uint16_t	
[1098]	47	0x200009AC	uint16_t	
[1099]	45	0x200009AE	uint16_t	
[1100]	48	0x200009B0	uint16_t	
[1101]	45	0x200009B2	uint16_t	
[1102]	44	0x200009B4	uint16_t	
[1103]	44	0x200009B6	uint16_t	
[1104]	45	0x200009B8	uint16_t	
[1105]	46	0x200009BA	uint16_t	
[1106]	51	0x200009BC	uint16_t	
[1107]	47	0x200009BE	uint16_t	
[1108]	44	0x200009C0	uint16_t	
[1109]	45	0x200009C2	uint16_t	
[1110]	47	0x200009C4	uint16_t	
[1111]	42	0x200009C6	uint16_t	
[1112]	45	0x200009C8	uint16_t	
[1113]	47	0x200009CA	uint16_t	
[1114]	47	0x200009CC	uint16_t	
[1115]	47	0x200009CE	uint16_t	
[1116]	46	0x200009D0	uint16_t	
[1117]	44	0x200009D2	uint16_t	
[1118]	45	0x200009D4	uint16_t	
[1119]	51	0x200009D6	uint16_t	
[1120]	50	0x200009D8	uint16_t	
[1121]	48	0x200009DA	uint16_t	
[1122]	44	0x200009DC	uint16_t	
[1123]	45	0x200009DE	uint16_t	
[1124]	49	0x200009E0	uint16_t	
[1125]	48	0x200009E2	uint16_t	
[1126]	45	0x200009E4	uint16_t	
[1127]	47	0x200009E6	uint16_t	
[1128]	50	0x200009E8	uint16_t	
[1129]	50	0x200009EA	uint16_t	
[1130]	51	0x200009EC	uint16_t	
[1131]	44	0x200009EE	uint16_t	
[1132]	45	0x200009F0	uint16_t	
[1133]	44	0x200009F2	uint16_t	
[1134]	46	0x200009F4	uint16_t	
[1135]	42	0x200009F6	uint16_t	
[1136]	47	0x200009F8	uint16_t	
[1137]	49	0x200009FA	uint16_t	
[1138]	49	0x200009FC	uint16_t	
[1139]	47	0x200009FE	uint16_t	
[1140]	45	0x20000A00	uint16_t	
[1141]	48	0x20000A02	uint16_t	
[1142]	45	0x20000A04	uint16_t	
[1143]	46	0x20000A06	uint16_t	
[1144]	51	0x20000A08	uint16_t	
[1145]	48	0x20000A0A	uint16_t	
[1146]	43	0x20000A0C	uint16_t	
[1147]	46	0x20000A0E	uint16_t	
[1148]	47	0x20000A10	uint16_t	
[1149]	48	0x20000A12	uint16_t	
[1150]	46	0x20000A14	uint16_t	
[1151]	46	0x20000A16	uint16_t	
[1152]	46	0x20000A18	uint16_t	
[1153]	45	0x20000A1A	uint16_t	
[1154]	45	0x20000A1C	uint16_t	
[1155]	47	0x20000A1E	uint16_t	
[1156]	48	0x20000A20	uint16_t	
[1157]	45	0x20000A22	uint16_t	
[1158]	45	0x20000A24	uint16_t	
[1159]	54	0x20000A26	uint16_t	
[1160]	44	0x20000A28	uint16_t	
[1161]	45	0x20000A2A	uint16_t	
[1162]	45	0x20000A2C	uint16_t	
[1163]	47	0x20000A2E	uint16_t	
[1164]	51	0x20000A30	uint16_t	
[1165]	46	0x20000A32	uint16_t	
[1166]	46	0x20000A34	uint16_t	
[1167]	45	0x20000A36	uint16_t	
[1168]	45	0x20000A38	uint16_t	
[1169]	49	0x20000A3A	uint16_t	
[1170]	51	0x20000A3C	uint16_t	
[1171]	44	0x20000A3E	uint16_t	
[1172]	47	0x20000A40	uint16_t	
[1173]	49	0x20000A42	uint16_t	
[1174]	48	0x20000A44	uint16_t	
[1175]	45	0x20000A46	uint16_t	
[1176]	50	0x20000A48	uint16_t	
[1177]	50	0x20000A4A	uint16_t	
[1178]	49	0x20000A4C	uint16_t	
[1179]	48	0x20000A4E	uint16_t	
[1180]	44	0x20000A50	uint16_t	
[1181]	42	0x20000A52	uint16_t	
[1182]	42	0x20000A54	uint16_t	
[1183]	45	0x20000A56	uint16_t	
[1184]	47	0x20000A58	uint16_t	
[1185]	48	0x20000A5A	uint16_t	
[1186]	48	0x20000A5C	uint16_t	
[1187]	44	0x20000A5E	uint16_t	
[1188]	47	0x20000A60	uint16_t	
[1189]	50	0x20000A62	uint16_t	
[1190]	50	0x20000A64	uint16_t	
[1191]	48	0x20000A66	uint16_t	
[1192]	45	0x20000A68	uint16_t	
[1193]	45	0x20000A6A	uint16_t	
[1194]	45	0x20000A6C	uint16_t	
[1195]	47	0x20000A6E	uint16_t	
[1196]	46	0x20000A70	uint16_t	
[1197]	48	0x20000A72	uint16_t	
[1198]	42	0x20000A74	uint16_t	
[1199]	47	0x20000A76	uint16_t	
i	1200	0x20000116	uint16_t	
