Expression	Value	Location	Type	
cbs	<struct>	0x2000007C	CircuitBreak	
buff	<array>	0x20000160	uint16_t[1200]	
[0]	66	0x20000160	uint16_t	
[1]	60	0x20000162	uint16_t	
[2]	61	0x20000164	uint16_t	
[3]	64	0x20000166	uint16_t	
[4]	65	0x20000168	uint16_t	
[5]	67	0x2000016A	uint16_t	
[6]	68	0x2000016C	uint16_t	
[7]	66	0x2000016E	uint16_t	
[8]	58	0x20000170	uint16_t	
[9]	62	0x20000172	uint16_t	
[10]	60	0x20000174	uint16_t	
[11]	62	0x20000176	uint16_t	
[12]	61	0x20000178	uint16_t	
[13]	58	0x2000017A	uint16_t	
[14]	62	0x2000017C	uint16_t	
[15]	62	0x2000017E	uint16_t	
[16]	67	0x20000180	uint16_t	
[17]	65	0x20000182	uint16_t	
[18]	66	0x20000184	uint16_t	
[19]	66	0x20000186	uint16_t	
[20]	63	0x20000188	uint16_t	
[21]	65	0x2000018A	uint16_t	
[22]	66	0x2000018C	uint16_t	
[23]	67	0x2000018E	uint16_t	
[24]	67	0x20000190	uint16_t	
[25]	67	0x20000192	uint16_t	
[26]	68	0x20000194	uint16_t	
[27]	66	0x20000196	uint16_t	
[28]	67	0x20000198	uint16_t	
[29]	66	0x2000019A	uint16_t	
[30]	62	0x2000019C	uint16_t	
[31]	60	0x2000019E	uint16_t	
[32]	60	0x200001A0	uint16_t	
[33]	60	0x200001A2	uint16_t	
[34]	63	0x200001A4	uint16_t	
[35]	63	0x200001A6	uint16_t	
[36]	67	0x200001A8	uint16_t	
[37]	65	0x200001AA	uint16_t	
[38]	68	0x200001AC	uint16_t	
[39]	63	0x200001AE	uint16_t	
[40]	64	0x200001B0	uint16_t	
[41]	61	0x200001B2	uint16_t	
[42]	62	0x200001B4	uint16_t	
[43]	63	0x200001B6	uint16_t	
[44]	67	0x200001B8	uint16_t	
[45]	68	0x200001BA	uint16_t	
[46]	61	0x200001BC	uint16_t	
[47]	65	0x200001BE	uint16_t	
[48]	65	0x200001C0	uint16_t	
[49]	67	0x200001C2	uint16_t	
[50]	66	0x200001C4	uint16_t	
[51]	62	0x200001C6	uint16_t	
[52]	65	0x200001C8	uint16_t	
[53]	67	0x200001CA	uint16_t	
[54]	63	0x200001CC	uint16_t	
[55]	64	0x200001CE	uint16_t	
[56]	60	0x200001D0	uint16_t	
[57]	66	0x200001D2	uint16_t	
[58]	68	0x200001D4	uint16_t	
[59]	66	0x200001D6	uint16_t	
[60]	60	0x200001D8	uint16_t	
[61]	65	0x200001DA	uint16_t	
[62]	63	0x200001DC	uint16_t	
[63]	65	0x200001DE	uint16_t	
[64]	64	0x200001E0	uint16_t	
[65]	61	0x200001E2	uint16_t	
[66]	67	0x200001E4	uint16_t	
[67]	69	0x200001E6	uint16_t	
[68]	63	0x200001E8	uint16_t	
[69]	63	0x200001EA	uint16_t	
[70]	64	0x200001EC	uint16_t	
[71]	58	0x200001EE	uint16_t	
[72]	64	0x200001F0	uint16_t	
[73]	64	0x200001F2	uint16_t	
[74]	65	0x200001F4	uint16_t	
[75]	67	0x200001F6	uint16_t	
[76]	61	0x200001F8	uint16_t	
[77]	67	0x200001FA	uint16_t	
[78]	66	0x200001FC	uint16_t	
[79]	64	0x200001FE	uint16_t	
[80]	62	0x20000200	uint16_t	
[81]	60	0x20000202	uint16_t	
[82]	58	0x20000204	uint16_t	
[83]	63	0x20000206	uint16_t	
[84]	67	0x20000208	uint16_t	
[85]	60	0x2000020A	uint16_t	
[86]	61	0x2000020C	uint16_t	
[87]	60	0x2000020E	uint16_t	
[88]	64	0x20000210	uint16_t	
[89]	67	0x20000212	uint16_t	
[90]	62	0x20000214	uint16_t	
[91]	60	0x20000216	uint16_t	
[92]	59	0x20000218	uint16_t	
[93]	67	0x2000021A	uint16_t	
[94]	69	0x2000021C	uint16_t	
[95]	66	0x2000021E	uint16_t	
[96]	65	0x20000220	uint16_t	
[97]	68	0x20000222	uint16_t	
[98]	62	0x20000224	uint16_t	
[99]	62	0x20000226	uint16_t	
[100]	58	0x20000228	uint16_t	
[101]	61	0x2000022A	uint16_t	
[102]	64	0x2000022C	uint16_t	
[103]	65	0x2000022E	uint16_t	
[104]	67	0x20000230	uint16_t	
[105]	67	0x20000232	uint16_t	
[106]	63	0x20000234	uint16_t	
[107]	63	0x20000236	uint16_t	
[108]	68	0x20000238	uint16_t	
[109]	62	0x2000023A	uint16_t	
[110]	64	0x2000023C	uint16_t	
[111]	65	0x2000023E	uint16_t	
[112]	70	0x20000240	uint16_t	
[113]	68	0x20000242	uint16_t	
[114]	66	0x20000244	uint16_t	
[115]	61	0x20000246	uint16_t	
[116]	58	0x20000248	uint16_t	
[117]	58	0x2000024A	uint16_t	
[118]	61	0x2000024C	uint16_t	
[119]	67	0x2000024E	uint16_t	
[120]	68	0x20000250	uint16_t	
[121]	63	0x20000252	uint16_t	
[122]	66	0x20000254	uint16_t	
[123]	62	0x20000256	uint16_t	
[124]	63	0x20000258	uint16_t	
[125]	61	0x2000025A	uint16_t	
[126]	64	0x2000025C	uint16_t	
[127]	64	0x2000025E	uint16_t	
[128]	64	0x20000260	uint16_t	
[129]	65	0x20000262	uint16_t	
[130]	67	0x20000264	uint16_t	
[131]	64	0x20000266	uint16_t	
[132]	65	0x20000268	uint16_t	
[133]	57	0x2000026A	uint16_t	
[134]	62	0x2000026C	uint16_t	
[135]	65	0x2000026E	uint16_t	
[136]	64	0x20000270	uint16_t	
[137]	66	0x20000272	uint16_t	
[138]	60	0x20000274	uint16_t	
[139]	59	0x20000276	uint16_t	
[140]	64	0x20000278	uint16_t	
[141]	64	0x2000027A	uint16_t	
[142]	65	0x2000027C	uint16_t	
[143]	67	0x2000027E	uint16_t	
[144]	68	0x20000280	uint16_t	
[145]	65	0x20000282	uint16_t	
[146]	65	0x20000284	uint16_t	
[147]	68	0x20000286	uint16_t	
[148]	67	0x20000288	uint16_t	
[149]	69	0x2000028A	uint16_t	
[150]	64	0x2000028C	uint16_t	
[151]	66	0x2000028E	uint16_t	
[152]	65	0x20000290	uint16_t	
[153]	65	0x20000292	uint16_t	
[154]	68	0x20000294	uint16_t	
[155]	66	0x20000296	uint16_t	
[156]	63	0x20000298	uint16_t	
[157]	66	0x2000029A	uint16_t	
[158]	66	0x2000029C	uint16_t	
[159]	63	0x2000029E	uint16_t	
[160]	64	0x200002A0	uint16_t	
[161]	67	0x200002A2	uint16_t	
[162]	67	0x200002A4	uint16_t	
[163]	68	0x200002A6	uint16_t	
[164]	62	0x200002A8	uint16_t	
[165]	60	0x200002AA	uint16_t	
[166]	59	0x200002AC	uint16_t	
[167]	62	0x200002AE	uint16_t	
[168]	63	0x200002B0	uint16_t	
[169]	67	0x200002B2	uint16_t	
[170]	63	0x200002B4	uint16_t	
[171]	62	0x200002B6	uint16_t	
[172]	62	0x200002B8	uint16_t	
[173]	64	0x200002BA	uint16_t	
[174]	67	0x200002BC	uint16_t	
[175]	67	0x200002BE	uint16_t	
[176]	66	0x200002C0	uint16_t	
[177]	68	0x200002C2	uint16_t	
[178]	67	0x200002C4	uint16_t	
[179]	66	0x200002C6	uint16_t	
[180]	62	0x200002C8	uint16_t	
[181]	58	0x200002CA	uint16_t	
[182]	60	0x200002CC	uint16_t	
[183]	64	0x200002CE	uint16_t	
[184]	64	0x200002D0	uint16_t	
[185]	64	0x200002D2	uint16_t	
[186]	66	0x200002D4	uint16_t	
[187]	62	0x200002D6	uint16_t	
[188]	62	0x200002D8	uint16_t	
[189]	62	0x200002DA	uint16_t	
[190]	60	0x200002DC	uint16_t	
[191]	62	0x200002DE	uint16_t	
[192]	60	0x200002E0	uint16_t	
[193]	61	0x200002E2	uint16_t	
[194]	62	0x200002E4	uint16_t	
[195]	60	0x200002E6	uint16_t	
[196]	66	0x200002E8	uint16_t	
[197]	60	0x200002EA	uint16_t	
[198]	61	0x200002EC	uint16_t	
[199]	60	0x200002EE	uint16_t	
[200]	60	0x200002F0	uint16_t	
[201]	63	0x200002F2	uint16_t	
[202]	58	0x200002F4	uint16_t	
[203]	65	0x200002F6	uint16_t	
[204]	64	0x200002F8	uint16_t	
[205]	65	0x200002FA	uint16_t	
[206]	65	0x200002FC	uint16_t	
[207]	65	0x200002FE	uint16_t	
[208]	67	0x20000300	uint16_t	
[209]	65	0x20000302	uint16_t	
[210]	65	0x20000304	uint16_t	
[211]	62	0x20000306	uint16_t	
[212]	64	0x20000308	uint16_t	
[213]	65	0x2000030A	uint16_t	
[214]	67	0x2000030C	uint16_t	
[215]	67	0x2000030E	uint16_t	
[216]	69	0x20000310	uint16_t	
[217]	68	0x20000312	uint16_t	
[218]	65	0x20000314	uint16_t	
[219]	67	0x20000316	uint16_t	
[220]	65	0x20000318	uint16_t	
[221]	65	0x2000031A	uint16_t	
[222]	67	0x2000031C	uint16_t	
[223]	67	0x2000031E	uint16_t	
[224]	65	0x20000320	uint16_t	
[225]	65	0x20000322	uint16_t	
[226]	67	0x20000324	uint16_t	
[227]	66	0x20000326	uint16_t	
[228]	67	0x20000328	uint16_t	
[229]	67	0x2000032A	uint16_t	
[230]	65	0x2000032C	uint16_t	
[231]	65	0x2000032E	uint16_t	
[232]	64	0x20000330	uint16_t	
[233]	64	0x20000332	uint16_t	
[234]	65	0x20000334	uint16_t	
[235]	61	0x20000336	uint16_t	
[236]	62	0x20000338	uint16_t	
[237]	59	0x2000033A	uint16_t	
[238]	62	0x2000033C	uint16_t	
[239]	60	0x2000033E	uint16_t	
[240]	64	0x20000340	uint16_t	
[241]	60	0x20000342	uint16_t	
[242]	58	0x20000344	uint16_t	
[243]	62	0x20000346	uint16_t	
[244]	60	0x20000348	uint16_t	
[245]	64	0x2000034A	uint16_t	
[246]	60	0x2000034C	uint16_t	
[247]	66	0x2000034E	uint16_t	
[248]	60	0x20000350	uint16_t	
[249]	60	0x20000352	uint16_t	
[250]	62	0x20000354	uint16_t	
[251]	58	0x20000356	uint16_t	
[252]	62	0x20000358	uint16_t	
[253]	58	0x2000035A	uint16_t	
[254]	62	0x2000035C	uint16_t	
[255]	60	0x2000035E	uint16_t	
[256]	58	0x20000360	uint16_t	
[257]	62	0x20000362	uint16_t	
[258]	60	0x20000364	uint16_t	
[259]	61	0x20000366	uint16_t	
[260]	60	0x20000368	uint16_t	
[261]	64	0x2000036A	uint16_t	
[262]	62	0x2000036C	uint16_t	
[263]	67	0x2000036E	uint16_t	
[264]	66	0x20000370	uint16_t	
[265]	69	0x20000372	uint16_t	
[266]	68	0x20000374	uint16_t	
[267]	67	0x20000376	uint16_t	
[268]	66	0x20000378	uint16_t	
[269]	60	0x2000037A	uint16_t	
[270]	58	0x2000037C	uint16_t	
[271]	66	0x2000037E	uint16_t	
[272]	62	0x20000380	uint16_t	
[273]	64	0x20000382	uint16_t	
[274]	64	0x20000384	uint16_t	
[275]	66	0x20000386	uint16_t	
[276]	62	0x20000388	uint16_t	
[277]	67	0x2000038A	uint16_t	
[278]	66	0x2000038C	uint16_t	
[279]	66	0x2000038E	uint16_t	
[280]	67	0x20000390	uint16_t	
[281]	62	0x20000392	uint16_t	
[282]	62	0x20000394	uint16_t	
[283]	65	0x20000396	uint16_t	
[284]	67	0x20000398	uint16_t	
[285]	64	0x2000039A	uint16_t	
[286]	64	0x2000039C	uint16_t	
[287]	66	0x2000039E	uint16_t	
[288]	60	0x200003A0	uint16_t	
[289]	64	0x200003A2	uint16_t	
[290]	62	0x200003A4	uint16_t	
[291]	68	0x200003A6	uint16_t	
[292]	68	0x200003A8	uint16_t	
[293]	60	0x200003AA	uint16_t	
[294]	62	0x200003AC	uint16_t	
[295]	62	0x200003AE	uint16_t	
[296]	66	0x200003B0	uint16_t	
[297]	60	0x200003B2	uint16_t	
[298]	57	0x200003B4	uint16_t	
[299]	64	0x200003B6	uint16_t	
[300]	67	0x200003B8	uint16_t	
[301]	66	0x200003BA	uint16_t	
[302]	63	0x200003BC	uint16_t	
[303]	63	0x200003BE	uint16_t	
[304]	61	0x200003C0	uint16_t	
[305]	61	0x200003C2	uint16_t	
[306]	69	0x200003C4	uint16_t	
[307]	67	0x200003C6	uint16_t	
[308]	66	0x200003C8	uint16_t	
[309]	62	0x200003CA	uint16_t	
[310]	58	0x200003CC	uint16_t	
[311]	58	0x200003CE	uint16_t	
[312]	64	0x200003D0	uint16_t	
[313]	64	0x200003D2	uint16_t	
[314]	62	0x200003D4	uint16_t	
[315]	67	0x200003D6	uint16_t	
[316]	65	0x200003D8	uint16_t	
[317]	65	0x200003DA	uint16_t	
[318]	67	0x200003DC	uint16_t	
[319]	67	0x200003DE	uint16_t	
[320]	65	0x200003E0	uint16_t	
[321]	65	0x200003E2	uint16_t	
[322]	65	0x200003E4	uint16_t	
[323]	65	0x200003E6	uint16_t	
[324]	67	0x200003E8	uint16_t	
[325]	63	0x200003EA	uint16_t	
[326]	66	0x200003EC	uint16_t	
[327]	64	0x200003EE	uint16_t	
[328]	61	0x200003F0	uint16_t	
[329]	61	0x200003F2	uint16_t	
[330]	60	0x200003F4	uint16_t	
[331]	58	0x200003F6	uint16_t	
[332]	64	0x200003F8	uint16_t	
[333]	60	0x200003FA	uint16_t	
[334]	62	0x200003FC	uint16_t	
[335]	62	0x200003FE	uint16_t	
[336]	64	0x20000400	uint16_t	
[337]	60	0x20000402	uint16_t	
[338]	59	0x20000404	uint16_t	
[339]	62	0x20000406	uint16_t	
[340]	59	0x20000408	uint16_t	
[341]	62	0x2000040A	uint16_t	
[342]	60	0x2000040C	uint16_t	
[343]	64	0x2000040E	uint16_t	
[344]	60	0x20000410	uint16_t	
[345]	61	0x20000412	uint16_t	
[346]	68	0x20000414	uint16_t	
[347]	67	0x20000416	uint16_t	
[348]	67	0x20000418	uint16_t	
[349]	66	0x2000041A	uint16_t	
[350]	67	0x2000041C	uint16_t	
[351]	67	0x2000041E	uint16_t	
[352]	66	0x20000420	uint16_t	
[353]	63	0x20000422	uint16_t	
[354]	60	0x20000424	uint16_t	
[355]	62	0x20000426	uint16_t	
[356]	60	0x20000428	uint16_t	
[357]	62	0x2000042A	uint16_t	
[358]	61	0x2000042C	uint16_t	
[359]	65	0x2000042E	uint16_t	
[360]	64	0x20000430	uint16_t	
[361]	59	0x20000432	uint16_t	
[362]	62	0x20000434	uint16_t	
[363]	60	0x20000436	uint16_t	
[364]	61	0x20000438	uint16_t	
[365]	65	0x2000043A	uint16_t	
[366]	67	0x2000043C	uint16_t	
[367]	62	0x2000043E	uint16_t	
[368]	70	0x20000440	uint16_t	
[369]	67	0x20000442	uint16_t	
[370]	67	0x20000444	uint16_t	
[371]	62	0x20000446	uint16_t	
[372]	66	0x20000448	uint16_t	
[373]	62	0x2000044A	uint16_t	
[374]	60	0x2000044C	uint16_t	
[375]	61	0x2000044E	uint16_t	
[376]	64	0x20000450	uint16_t	
[377]	67	0x20000452	uint16_t	
[378]	65	0x20000454	uint16_t	
[379]	65	0x20000456	uint16_t	
[380]	66	0x20000458	uint16_t	
[381]	65	0x2000045A	uint16_t	
[382]	67	0x2000045C	uint16_t	
[383]	67	0x2000045E	uint16_t	
[384]	67	0x20000460	uint16_t	
[385]	63	0x20000462	uint16_t	
[386]	68	0x20000464	uint16_t	
[387]	66	0x20000466	uint16_t	
[388]	67	0x20000468	uint16_t	
[389]	67	0x2000046A	uint16_t	
[390]	61	0x2000046C	uint16_t	
[391]	62	0x2000046E	uint16_t	
[392]	60	0x20000470	uint16_t	
[393]	59	0x20000472	uint16_t	
[394]	64	0x20000474	uint16_t	
[395]	67	0x20000476	uint16_t	
[396]	67	0x20000478	uint16_t	
[397]	69	0x2000047A	uint16_t	
[398]	67	0x2000047C	uint16_t	
[399]	65	0x2000047E	uint16_t	
[400]	67	0x20000480	uint16_t	
[401]	63	0x20000482	uint16_t	
[402]	66	0x20000484	uint16_t	
[403]	67	0x20000486	uint16_t	
[404]	67	0x20000488	uint16_t	
[405]	67	0x2000048A	uint16_t	
[406]	63	0x2000048C	uint16_t	
[407]	65	0x2000048E	uint16_t	
[408]	65	0x20000490	uint16_t	
[409]	63	0x20000492	uint16_t	
[410]	64	0x20000494	uint16_t	
[411]	63	0x20000496	uint16_t	
[412]	66	0x20000498	uint16_t	
[413]	63	0x2000049A	uint16_t	
[414]	65	0x2000049C	uint16_t	
[415]	63	0x2000049E	uint16_t	
[416]	61	0x200004A0	uint16_t	
[417]	64	0x200004A2	uint16_t	
[418]	61	0x200004A4	uint16_t	
[419]	67	0x200004A6	uint16_t	
[420]	65	0x200004A8	uint16_t	
[421]	64	0x200004AA	uint16_t	
[422]	61	0x200004AC	uint16_t	
[423]	61	0x200004AE	uint16_t	
[424]	64	0x200004B0	uint16_t	
[425]	70	0x200004B2	uint16_t	
[426]	67	0x200004B4	uint16_t	
[427]	67	0x200004B6	uint16_t	
[428]	67	0x200004B8	uint16_t	
[429]	67	0x200004BA	uint16_t	
[430]	65	0x200004BC	uint16_t	
[431]	69	0x200004BE	uint16_t	
[432]	67	0x200004C0	uint16_t	
[433]	67	0x200004C2	uint16_t	
[434]	64	0x200004C4	uint16_t	
[435]	65	0x200004C6	uint16_t	
[436]	67	0x200004C8	uint16_t	
[437]	67	0x200004CA	uint16_t	
[438]	67	0x200004CC	uint16_t	
[439]	67	0x200004CE	uint16_t	
[440]	65	0x200004D0	uint16_t	
[441]	65	0x200004D2	uint16_t	
[442]	67	0x200004D4	uint16_t	
[443]	67	0x200004D6	uint16_t	
[444]	65	0x200004D8	uint16_t	
[445]	64	0x200004DA	uint16_t	
[446]	62	0x200004DC	uint16_t	
[447]	69	0x200004DE	uint16_t	
[448]	66	0x200004E0	uint16_t	
[449]	64	0x200004E2	uint16_t	
[450]	67	0x200004E4	uint16_t	
[451]	64	0x200004E6	uint16_t	
[452]	65	0x200004E8	uint16_t	
[453]	64	0x200004EA	uint16_t	
[454]	65	0x200004EC	uint16_t	
[455]	66	0x200004EE	uint16_t	
[456]	67	0x200004F0	uint16_t	
[457]	67	0x200004F2	uint16_t	
[458]	68	0x200004F4	uint16_t	
[459]	66	0x200004F6	uint16_t	
[460]	68	0x200004F8	uint16_t	
[461]	66	0x200004FA	uint16_t	
[462]	66	0x200004FC	uint16_t	
[463]	65	0x200004FE	uint16_t	
[464]	67	0x20000500	uint16_t	
[465]	66	0x20000502	uint16_t	
[466]	60	0x20000504	uint16_t	
[467]	64	0x20000506	uint16_t	
[468]	62	0x20000508	uint16_t	
[469]	66	0x2000050A	uint16_t	
[470]	64	0x2000050C	uint16_t	
[471]	60	0x2000050E	uint16_t	
[472]	61	0x20000510	uint16_t	
[473]	58	0x20000512	uint16_t	
[474]	60	0x20000514	uint16_t	
[475]	60	0x20000516	uint16_t	
[476]	62	0x20000518	uint16_t	
[477]	61	0x2000051A	uint16_t	
[478]	58	0x2000051C	uint16_t	
[479]	62	0x2000051E	uint16_t	
[480]	67	0x20000520	uint16_t	
[481]	68	0x20000522	uint16_t	
[482]	67	0x20000524	uint16_t	
[483]	67	0x20000526	uint16_t	
[484]	61	0x20000528	uint16_t	
[485]	62	0x2000052A	uint16_t	
[486]	62	0x2000052C	uint16_t	
[487]	60	0x2000052E	uint16_t	
[488]	61	0x20000530	uint16_t	
[489]	60	0x20000532	uint16_t	
[490]	62	0x20000534	uint16_t	
[491]	66	0x20000536	uint16_t	
[492]	61	0x20000538	uint16_t	
[493]	64	0x2000053A	uint16_t	
[494]	60	0x2000053C	uint16_t	
[495]	61	0x2000053E	uint16_t	
[496]	61	0x20000540	uint16_t	
[497]	61	0x20000542	uint16_t	
[498]	61	0x20000544	uint16_t	
[499]	64	0x20000546	uint16_t	
[500]	65	0x20000548	uint16_t	
[501]	65	0x2000054A	uint16_t	
[502]	67	0x2000054C	uint16_t	
[503]	67	0x2000054E	uint16_t	
[504]	67	0x20000550	uint16_t	
[505]	67	0x20000552	uint16_t	
[506]	65	0x20000554	uint16_t	
[507]	67	0x20000556	uint16_t	
[508]	66	0x20000558	uint16_t	
[509]	67	0x2000055A	uint16_t	
[510]	69	0x2000055C	uint16_t	
[511]	67	0x2000055E	uint16_t	
[512]	70	0x20000560	uint16_t	
[513]	65	0x20000562	uint16_t	
[514]	64	0x20000564	uint16_t	
[515]	61	0x20000566	uint16_t	
[516]	63	0x20000568	uint16_t	
[517]	61	0x2000056A	uint16_t	
[518]	61	0x2000056C	uint16_t	
[519]	62	0x2000056E	uint16_t	
[520]	66	0x20000570	uint16_t	
[521]	65	0x20000572	uint16_t	
[522]	66	0x20000574	uint16_t	
[523]	66	0x20000576	uint16_t	
[524]	63	0x20000578	uint16_t	
[525]	68	0x2000057A	uint16_t	
[526]	67	0x2000057C	uint16_t	
[527]	66	0x2000057E	uint16_t	
[528]	62	0x20000580	uint16_t	
[529]	62	0x20000582	uint16_t	
[530]	62	0x20000584	uint16_t	
[531]	61	0x20000586	uint16_t	
[532]	65	0x20000588	uint16_t	
[533]	64	0x2000058A	uint16_t	
[534]	70	0x2000058C	uint16_t	
[535]	67	0x2000058E	uint16_t	
[536]	67	0x20000590	uint16_t	
[537]	67	0x20000592	uint16_t	
[538]	68	0x20000594	uint16_t	
[539]	67	0x20000596	uint16_t	
[540]	67	0x20000598	uint16_t	
[541]	69	0x2000059A	uint16_t	
[542]	67	0x2000059C	uint16_t	
[543]	67	0x2000059E	uint16_t	
[544]	67	0x200005A0	uint16_t	
[545]	61	0x200005A2	uint16_t	
[546]	61	0x200005A4	uint16_t	
[547]	60	0x200005A6	uint16_t	
[548]	63	0x200005A8	uint16_t	
[549]	62	0x200005AA	uint16_t	
[550]	63	0x200005AC	uint16_t	
[551]	64	0x200005AE	uint16_t	
[552]	61	0x200005B0	uint16_t	
[553]	61	0x200005B2	uint16_t	
[554]	61	0x200005B4	uint16_t	
[555]	62	0x200005B6	uint16_t	
[556]	61	0x200005B8	uint16_t	
[557]	64	0x200005BA	uint16_t	
[558]	65	0x200005BC	uint16_t	
[559]	66	0x200005BE	uint16_t	
[560]	67	0x200005C0	uint16_t	
[561]	67	0x200005C2	uint16_t	
[562]	67	0x200005C4	uint16_t	
[563]	66	0x200005C6	uint16_t	
[564]	67	0x200005C8	uint16_t	
[565]	67	0x200005CA	uint16_t	
[566]	67	0x200005CC	uint16_t	
[567]	69	0x200005CE	uint16_t	
[568]	67	0x200005D0	uint16_t	
[569]	67	0x200005D2	uint16_t	
[570]	68	0x200005D4	uint16_t	
[571]	60	0x200005D6	uint16_t	
[572]	58	0x200005D8	uint16_t	
[573]	61	0x200005DA	uint16_t	
[574]	60	0x200005DC	uint16_t	
[575]	62	0x200005DE	uint16_t	
[576]	65	0x200005E0	uint16_t	
[577]	67	0x200005E2	uint16_t	
[578]	65	0x200005E4	uint16_t	
[579]	63	0x200005E6	uint16_t	
[580]	61	0x200005E8	uint16_t	
[581]	62	0x200005EA	uint16_t	
[582]	61	0x200005EC	uint16_t	
[583]	61	0x200005EE	uint16_t	
[584]	68	0x200005F0	uint16_t	
[585]	65	0x200005F2	uint16_t	
[586]	67	0x200005F4	uint16_t	
[587]	68	0x200005F6	uint16_t	
[588]	63	0x200005F8	uint16_t	
[589]	67	0x200005FA	uint16_t	
[590]	67	0x200005FC	uint16_t	
[591]	68	0x200005FE	uint16_t	
[592]	66	0x20000600	uint16_t	
[593]	66	0x20000602	uint16_t	
[594]	66	0x20000604	uint16_t	
[595]	60	0x20000606	uint16_t	
[596]	62	0x20000608	uint16_t	
[597]	60	0x2000060A	uint16_t	
[598]	61	0x2000060C	uint16_t	
[599]	59	0x2000060E	uint16_t	
[600]	64	0x20000610	uint16_t	
[601]	64	0x20000612	uint16_t	
[602]	64	0x20000614	uint16_t	
[603]	67	0x20000616	uint16_t	
[604]	65	0x20000618	uint16_t	
[605]	67	0x2000061A	uint16_t	
[606]	67	0x2000061C	uint16_t	
[607]	67	0x2000061E	uint16_t	
[608]	67	0x20000620	uint16_t	
[609]	67	0x20000622	uint16_t	
[610]	67	0x20000624	uint16_t	
[611]	65	0x20000626	uint16_t	
[612]	68	0x20000628	uint16_t	
[613]	65	0x2000062A	uint16_t	
[614]	64	0x2000062C	uint16_t	
[615]	63	0x2000062E	uint16_t	
[616]	66	0x20000630	uint16_t	
[617]	66	0x20000632	uint16_t	
[618]	63	0x20000634	uint16_t	
[619]	67	0x20000636	uint16_t	
[620]	65	0x20000638	uint16_t	
[621]	62	0x2000063A	uint16_t	
[622]	66	0x2000063C	uint16_t	
[623]	68	0x2000063E	uint16_t	
[624]	68	0x20000640	uint16_t	
[625]	63	0x20000642	uint16_t	
[626]	64	0x20000644	uint16_t	
[627]	61	0x20000646	uint16_t	
[628]	65	0x20000648	uint16_t	
[629]	64	0x2000064A	uint16_t	
[630]	61	0x2000064C	uint16_t	
[631]	61	0x2000064E	uint16_t	
[632]	67	0x20000650	uint16_t	
[633]	67	0x20000652	uint16_t	
[634]	67	0x20000654	uint16_t	
[635]	67	0x20000656	uint16_t	
[636]	67	0x20000658	uint16_t	
[637]	67	0x2000065A	uint16_t	
[638]	68	0x2000065C	uint16_t	
[639]	66	0x2000065E	uint16_t	
[640]	66	0x20000660	uint16_t	
[641]	63	0x20000662	uint16_t	
[642]	62	0x20000664	uint16_t	
[643]	66	0x20000666	uint16_t	
[644]	63	0x20000668	uint16_t	
[645]	62	0x2000066A	uint16_t	
[646]	65	0x2000066C	uint16_t	
[647]	66	0x2000066E	uint16_t	
[648]	67	0x20000670	uint16_t	
[649]	65	0x20000672	uint16_t	
[650]	67	0x20000674	uint16_t	
[651]	66	0x20000676	uint16_t	
[652]	62	0x20000678	uint16_t	
[653]	62	0x2000067A	uint16_t	
[654]	60	0x2000067C	uint16_t	
[655]	61	0x2000067E	uint16_t	
[656]	62	0x20000680	uint16_t	
[657]	58	0x20000682	uint16_t	
[658]	60	0x20000684	uint16_t	
[659]	64	0x20000686	uint16_t	
[660]	64	0x20000688	uint16_t	
[661]	65	0x2000068A	uint16_t	
[662]	68	0x2000068C	uint16_t	
[663]	64	0x2000068E	uint16_t	
[664]	62	0x20000690	uint16_t	
[665]	61	0x20000692	uint16_t	
[666]	61	0x20000694	uint16_t	
[667]	64	0x20000696	uint16_t	
[668]	61	0x20000698	uint16_t	
[669]	61	0x2000069A	uint16_t	
[670]	66	0x2000069C	uint16_t	
[671]	62	0x2000069E	uint16_t	
[672]	68	0x200006A0	uint16_t	
[673]	64	0x200006A2	uint16_t	
[674]	61	0x200006A4	uint16_t	
[675]	62	0x200006A6	uint16_t	
[676]	65	0x200006A8	uint16_t	
[677]	63	0x200006AA	uint16_t	
[678]	63	0x200006AC	uint16_t	
[679]	66	0x200006AE	uint16_t	
[680]	68	0x200006B0	uint16_t	
[681]	66	0x200006B2	uint16_t	
[682]	63	0x200006B4	uint16_t	
[683]	61	0x200006B6	uint16_t	
[684]	62	0x200006B8	uint16_t	
[685]	64	0x200006BA	uint16_t	
[686]	69	0x200006BC	uint16_t	
[687]	70	0x200006BE	uint16_t	
[688]	66	0x200006C0	uint16_t	
[689]	62	0x200006C2	uint16_t	
[690]	60	0x200006C4	uint16_t	
[691]	64	0x200006C6	uint16_t	
[692]	65	0x200006C8	uint16_t	
[693]	64	0x200006CA	uint16_t	
[694]	67	0x200006CC	uint16_t	
[695]	63	0x200006CE	uint16_t	
[696]	67	0x200006D0	uint16_t	
[697]	66	0x200006D2	uint16_t	
[698]	63	0x200006D4	uint16_t	
[699]	68	0x200006D6	uint16_t	
[700]	64	0x200006D8	uint16_t	
[701]	64	0x200006DA	uint16_t	
[702]	64	0x200006DC	uint16_t	
[703]	64	0x200006DE	uint16_t	
[704]	65	0x200006E0	uint16_t	
[705]	65	0x200006E2	uint16_t	
[706]	65	0x200006E4	uint16_t	
[707]	66	0x200006E6	uint16_t	
[708]	67	0x200006E8	uint16_t	
[709]	67	0x200006EA	uint16_t	
[710]	69	0x200006EC	uint16_t	
[711]	62	0x200006EE	uint16_t	
[712]	60	0x200006F0	uint16_t	
[713]	64	0x200006F2	uint16_t	
[714]	60	0x200006F4	uint16_t	
[715]	60	0x200006F6	uint16_t	
[716]	64	0x200006F8	uint16_t	
[717]	65	0x200006FA	uint16_t	
[718]	66	0x200006FC	uint16_t	
[719]	64	0x200006FE	uint16_t	
[720]	60	0x20000700	uint16_t	
[721]	65	0x20000702	uint16_t	
[722]	66	0x20000704	uint16_t	
[723]	66	0x20000706	uint16_t	
[724]	61	0x20000708	uint16_t	
[725]	67	0x2000070A	uint16_t	
[726]	67	0x2000070C	uint16_t	
[727]	65	0x2000070E	uint16_t	
[728]	60	0x20000710	uint16_t	
[729]	61	0x20000712	uint16_t	
[730]	64	0x20000714	uint16_t	
[731]	67	0x20000716	uint16_t	
[732]	64	0x20000718	uint16_t	
[733]	68	0x2000071A	uint16_t	
[734]	63	0x2000071C	uint16_t	
[735]	59	0x2000071E	uint16_t	
[736]	68	0x20000720	uint16_t	
[737]	67	0x20000722	uint16_t	
[738]	66	0x20000724	uint16_t	
[739]	61	0x20000726	uint16_t	
[740]	63	0x20000728	uint16_t	
[741]	65	0x2000072A	uint16_t	
[742]	64	0x2000072C	uint16_t	
[743]	67	0x2000072E	uint16_t	
[744]	65	0x20000730	uint16_t	
[745]	65	0x20000732	uint16_t	
[746]	67	0x20000734	uint16_t	
[747]	66	0x20000736	uint16_t	
[748]	63	0x20000738	uint16_t	
[749]	61	0x2000073A	uint16_t	
[750]	65	0x2000073C	uint16_t	
[751]	69	0x2000073E	uint16_t	
[752]	67	0x20000740	uint16_t	
[753]	62	0x20000742	uint16_t	
[754]	58	0x20000744	uint16_t	
[755]	61	0x20000746	uint16_t	
[756]	67	0x20000748	uint16_t	
[757]	62	0x2000074A	uint16_t	
[758]	66	0x2000074C	uint16_t	
[759]	64	0x2000074E	uint16_t	
[760]	66	0x20000750	uint16_t	
[761]	67	0x20000752	uint16_t	
[762]	63	0x20000754	uint16_t	
[763]	64	0x20000756	uint16_t	
[764]	64	0x20000758	uint16_t	
[765]	64	0x2000075A	uint16_t	
[766]	64	0x2000075C	uint16_t	
[767]	65	0x2000075E	uint16_t	
[768]	67	0x20000760	uint16_t	
[769]	63	0x20000762	uint16_t	
[770]	65	0x20000764	uint16_t	
[771]	64	0x20000766	uint16_t	
[772]	67	0x20000768	uint16_t	
[773]	67	0x2000076A	uint16_t	
[774]	67	0x2000076C	uint16_t	
[775]	62	0x2000076E	uint16_t	
[776]	62	0x20000770	uint16_t	
[777]	65	0x20000772	uint16_t	
[778]	68	0x20000774	uint16_t	
[779]	63	0x20000776	uint16_t	
[780]	65	0x20000778	uint16_t	
[781]	63	0x2000077A	uint16_t	
[782]	63	0x2000077C	uint16_t	
[783]	65	0x2000077E	uint16_t	
[784]	61	0x20000780	uint16_t	
[785]	64	0x20000782	uint16_t	
[786]	66	0x20000784	uint16_t	
[787]	67	0x20000786	uint16_t	
[788]	67	0x20000788	uint16_t	
[789]	66	0x2000078A	uint16_t	
[790]	68	0x2000078C	uint16_t	
[791]	62	0x2000078E	uint16_t	
[792]	62	0x20000790	uint16_t	
[793]	62	0x20000792	uint16_t	
[794]	67	0x20000794	uint16_t	
[795]	66	0x20000796	uint16_t	
[796]	61	0x20000798	uint16_t	
[797]	64	0x2000079A	uint16_t	
[798]	61	0x2000079C	uint16_t	
[799]	61	0x2000079E	uint16_t	
[800]	61	0x200007A0	uint16_t	
[801]	67	0x200007A2	uint16_t	
[802]	66	0x200007A4	uint16_t	
[803]	67	0x200007A6	uint16_t	
[804]	66	0x200007A8	uint16_t	
[805]	66	0x200007AA	uint16_t	
[806]	60	0x200007AC	uint16_t	
[807]	64	0x200007AE	uint16_t	
[808]	59	0x200007B0	uint16_t	
[809]	65	0x200007B2	uint16_t	
[810]	63	0x200007B4	uint16_t	
[811]	68	0x200007B6	uint16_t	
[812]	62	0x200007B8	uint16_t	
[813]	68	0x200007BA	uint16_t	
[814]	64	0x200007BC	uint16_t	
[815]	67	0x200007BE	uint16_t	
[816]	64	0x200007C0	uint16_t	
[817]	59	0x200007C2	uint16_t	
[818]	61	0x200007C4	uint16_t	
[819]	65	0x200007C6	uint16_t	
[820]	65	0x200007C8	uint16_t	
[821]	65	0x200007CA	uint16_t	
[822]	65	0x200007CC	uint16_t	
[823]	67	0x200007CE	uint16_t	
[824]	66	0x200007D0	uint16_t	
[825]	68	0x200007D2	uint16_t	
[826]	68	0x200007D4	uint16_t	
[827]	64	0x200007D6	uint16_t	
[828]	63	0x200007D8	uint16_t	
[829]	68	0x200007DA	uint16_t	
[830]	61	0x200007DC	uint16_t	
[831]	66	0x200007DE	uint16_t	
[832]	61	0x200007E0	uint16_t	
[833]	65	0x200007E2	uint16_t	
[834]	70	0x200007E4	uint16_t	
[835]	69	0x200007E6	uint16_t	
[836]	66	0x200007E8	uint16_t	
[837]	60	0x200007EA	uint16_t	
[838]	58	0x200007EC	uint16_t	
[839]	63	0x200007EE	uint16_t	
[840]	60	0x200007F0	uint16_t	
[841]	64	0x200007F2	uint16_t	
[842]	60	0x200007F4	uint16_t	
[843]	63	0x200007F6	uint16_t	
[844]	62	0x200007F8	uint16_t	
[845]	60	0x200007FA	uint16_t	
[846]	62	0x200007FC	uint16_t	
[847]	64	0x200007FE	uint16_t	
[848]	64	0x20000800	uint16_t	
[849]	60	0x20000802	uint16_t	
[850]	62	0x20000804	uint16_t	
[851]	60	0x20000806	uint16_t	
[852]	61	0x20000808	uint16_t	
[853]	65	0x2000080A	uint16_t	
[854]	67	0x2000080C	uint16_t	
[855]	67	0x2000080E	uint16_t	
[856]	63	0x20000810	uint16_t	
[857]	66	0x20000812	uint16_t	
[858]	66	0x20000814	uint16_t	
[859]	63	0x20000816	uint16_t	
[860]	65	0x20000818	uint16_t	
[861]	61	0x2000081A	uint16_t	
[862]	63	0x2000081C	uint16_t	
[863]	61	0x2000081E	uint16_t	
[864]	61	0x20000820	uint16_t	
[865]	64	0x20000822	uint16_t	
[866]	61	0x20000824	uint16_t	
[867]	65	0x20000826	uint16_t	
[868]	67	0x20000828	uint16_t	
[869]	60	0x2000082A	uint16_t	
[870]	64	0x2000082C	uint16_t	
[871]	60	0x2000082E	uint16_t	
[872]	64	0x20000830	uint16_t	
[873]	69	0x20000832	uint16_t	
[874]	68	0x20000834	uint16_t	
[875]	68	0x20000836	uint16_t	
[876]	63	0x20000838	uint16_t	
[877]	65	0x2000083A	uint16_t	
[878]	62	0x2000083C	uint16_t	
[879]	63	0x2000083E	uint16_t	
[880]	61	0x20000840	uint16_t	
[881]	67	0x20000842	uint16_t	
[882]	67	0x20000844	uint16_t	
[883]	67	0x20000846	uint16_t	
[884]	69	0x20000848	uint16_t	
[885]	62	0x2000084A	uint16_t	
[886]	58	0x2000084C	uint16_t	
[887]	61	0x2000084E	uint16_t	
[888]	58	0x20000850	uint16_t	
[889]	65	0x20000852	uint16_t	
[890]	67	0x20000854	uint16_t	
[891]	63	0x20000856	uint16_t	
[892]	66	0x20000858	uint16_t	
[893]	60	0x2000085A	uint16_t	
[894]	58	0x2000085C	uint16_t	
[895]	68	0x2000085E	uint16_t	
[896]	60	0x20000860	uint16_t	
[897]	60	0x20000862	uint16_t	
[898]	65	0x20000864	uint16_t	
[899]	65	0x20000866	uint16_t	
[900]	65	0x20000868	uint16_t	
[901]	63	0x2000086A	uint16_t	
[902]	61	0x2000086C	uint16_t	
[903]	65	0x2000086E	uint16_t	
[904]	65	0x20000870	uint16_t	
[905]	67	0x20000872	uint16_t	
[906]	68	0x20000874	uint16_t	
[907]	65	0x20000876	uint16_t	
[908]	60	0x20000878	uint16_t	
[909]	61	0x2000087A	uint16_t	
[910]	64	0x2000087C	uint16_t	
[911]	65	0x2000087E	uint16_t	
[912]	60	0x20000880	uint16_t	
[913]	65	0x20000882	uint16_t	
[914]	66	0x20000884	uint16_t	
[915]	60	0x20000886	uint16_t	
[916]	61	0x20000888	uint16_t	
[917]	64	0x2000088A	uint16_t	
[918]	69	0x2000088C	uint16_t	
[919]	67	0x2000088E	uint16_t	
[920]	66	0x20000890	uint16_t	
[921]	66	0x20000892	uint16_t	
[922]	62	0x20000894	uint16_t	
[923]	64	0x20000896	uint16_t	
[924]	67	0x20000898	uint16_t	
[925]	64	0x2000089A	uint16_t	
[926]	65	0x2000089C	uint16_t	
[927]	65	0x2000089E	uint16_t	
[928]	63	0x200008A0	uint16_t	
[929]	68	0x200008A2	uint16_t	
[930]	67	0x200008A4	uint16_t	
[931]	66	0x200008A6	uint16_t	
[932]	61	0x200008A8	uint16_t	
[933]	61	0x200008AA	uint16_t	
[934]	67	0x200008AC	uint16_t	
[935]	64	0x200008AE	uint16_t	
[936]	60	0x200008B0	uint16_t	
[937]	64	0x200008B2	uint16_t	
[938]	66	0x200008B4	uint16_t	
[939]	60	0x200008B6	uint16_t	
[940]	62	0x200008B8	uint16_t	
[941]	63	0x200008BA	uint16_t	
[942]	67	0x200008BC	uint16_t	
[943]	68	0x200008BE	uint16_t	
[944]	64	0x200008C0	uint16_t	
[945]	60	0x200008C2	uint16_t	
[946]	65	0x200008C4	uint16_t	
[947]	61	0x200008C6	uint16_t	
[948]	67	0x200008C8	uint16_t	
[949]	69	0x200008CA	uint16_t	
[950]	66	0x200008CC	uint16_t	
[951]	58	0x200008CE	uint16_t	
[952]	64	0x200008D0	uint16_t	
[953]	67	0x200008D2	uint16_t	
[954]	66	0x200008D4	uint16_t	
[955]	65	0x200008D6	uint16_t	
[956]	62	0x200008D8	uint16_t	
[957]	61	0x200008DA	uint16_t	
[958]	65	0x200008DC	uint16_t	
[959]	69	0x200008DE	uint16_t	
[960]	67	0x200008E0	uint16_t	
[961]	63	0x200008E2	uint16_t	
[962]	60	0x200008E4	uint16_t	
[963]	62	0x200008E6	uint16_t	
[964]	62	0x200008E8	uint16_t	
[965]	67	0x200008EA	uint16_t	
[966]	63	0x200008EC	uint16_t	
[967]	65	0x200008EE	uint16_t	
[968]	61	0x200008F0	uint16_t	
[969]	67	0x200008F2	uint16_t	
[970]	68	0x200008F4	uint16_t	
[971]	62	0x200008F6	uint16_t	
[972]	61	0x200008F8	uint16_t	
[973]	62	0x200008FA	uint16_t	
[974]	65	0x200008FC	uint16_t	
[975]	68	0x200008FE	uint16_t	
[976]	62	0x20000900	uint16_t	
[977]	59	0x20000902	uint16_t	
[978]	64	0x20000904	uint16_t	
[979]	65	0x20000906	uint16_t	
[980]	67	0x20000908	uint16_t	
[981]	62	0x2000090A	uint16_t	
[982]	65	0x2000090C	uint16_t	
[983]	66	0x2000090E	uint16_t	
[984]	67	0x20000910	uint16_t	
[985]	62	0x20000912	uint16_t	
[986]	62	0x20000914	uint16_t	
[987]	58	0x20000916	uint16_t	
[988]	62	0x20000918	uint16_t	
[989]	60	0x2000091A	uint16_t	
[990]	64	0x2000091C	uint16_t	
[991]	65	0x2000091E	uint16_t	
[992]	67	0x20000920	uint16_t	
[993]	68	0x20000922	uint16_t	
[994]	61	0x20000924	uint16_t	
[995]	64	0x20000926	uint16_t	
[996]	64	0x20000928	uint16_t	
[997]	66	0x2000092A	uint16_t	
[998]	69	0x2000092C	uint16_t	
[999]	66	0x2000092E	uint16_t	
[1000]	62	0x20000930	uint16_t	
[1001]	62	0x20000932	uint16_t	
[1002]	60	0x20000934	uint16_t	
[1003]	64	0x20000936	uint16_t	
[1004]	67	0x20000938	uint16_t	
[1005]	65	0x2000093A	uint16_t	
[1006]	61	0x2000093C	uint16_t	
[1007]	67	0x2000093E	uint16_t	
[1008]	66	0x20000940	uint16_t	
[1009]	62	0x20000942	uint16_t	
[1010]	58	0x20000944	uint16_t	
[1011]	67	0x20000946	uint16_t	
[1012]	65	0x20000948	uint16_t	
[1013]	60	0x2000094A	uint16_t	
[1014]	62	0x2000094C	uint16_t	
[1015]	65	0x2000094E	uint16_t	
[1016]	65	0x20000950	uint16_t	
[1017]	67	0x20000952	uint16_t	
[1018]	62	0x20000954	uint16_t	
[1019]	61	0x20000956	uint16_t	
[1020]	64	0x20000958	uint16_t	
[1021]	67	0x2000095A	uint16_t	
[1022]	66	0x2000095C	uint16_t	
[1023]	60	0x2000095E	uint16_t	
[1024]	63	0x20000960	uint16_t	
[1025]	65	0x20000962	uint16_t	
[1026]	67	0x20000964	uint16_t	
[1027]	66	0x20000966	uint16_t	
[1028]	61	0x20000968	uint16_t	
[1029]	61	0x2000096A	uint16_t	
[1030]	68	0x2000096C	uint16_t	
[1031]	68	0x2000096E	uint16_t	
[1032]	62	0x20000970	uint16_t	
[1033]	61	0x20000972	uint16_t	
[1034]	67	0x20000974	uint16_t	
[1035]	68	0x20000976	uint16_t	
[1036]	66	0x20000978	uint16_t	
[1037]	62	0x2000097A	uint16_t	
[1038]	64	0x2000097C	uint16_t	
[1039]	67	0x2000097E	uint16_t	
[1040]	62	0x20000980	uint16_t	
[1041]	66	0x20000982	uint16_t	
[1042]	66	0x20000984	uint16_t	
[1043]	61	0x20000986	uint16_t	
[1044]	65	0x20000988	uint16_t	
[1045]	68	0x2000098A	uint16_t	
[1046]	64	0x2000098C	uint16_t	
[1047]	60	0x2000098E	uint16_t	
[1048]	64	0x20000990	uint16_t	
[1049]	67	0x20000992	uint16_t	
[1050]	62	0x20000994	uint16_t	
[1051]	59	0x20000996	uint16_t	
[1052]	65	0x20000998	uint16_t	
[1053]	67	0x2000099A	uint16_t	
[1054]	66	0x2000099C	uint16_t	
[1055]	61	0x2000099E	uint16_t	
[1056]	61	0x200009A0	uint16_t	
[1057]	62	0x200009A2	uint16_t	
[1058]	66	0x200009A4	uint16_t	
[1059]	67	0x200009A6	uint16_t	
[1060]	68	0x200009A8	uint16_t	
[1061]	64	0x200009AA	uint16_t	
[1062]	62	0x200009AC	uint16_t	
[1063]	62	0x200009AE	uint16_t	
[1064]	65	0x200009B0	uint16_t	
[1065]	66	0x200009B2	uint16_t	
[1066]	68	0x200009B4	uint16_t	
[1067]	66	0x200009B6	uint16_t	
[1068]	62	0x200009B8	uint16_t	
[1069]	61	0x200009BA	uint16_t	
[1070]	65	0x200009BC	uint16_t	
[1071]	64	0x200009BE	uint16_t	
[1072]	67	0x200009C0	uint16_t	
[1073]	67	0x200009C2	uint16_t	
[1074]	62	0x200009C4	uint16_t	
[1075]	64	0x200009C6	uint16_t	
[1076]	60	0x200009C8	uint16_t	
[1077]	62	0x200009CA	uint16_t	
[1078]	60	0x200009CC	uint16_t	
[1079]	59	0x200009CE	uint16_t	
[1080]	65	0x200009D0	uint16_t	
[1081]	65	0x200009D2	uint16_t	
[1082]	64	0x200009D4	uint16_t	
[1083]	64	0x200009D6	uint16_t	
[1084]	62	0x200009D8	uint16_t	
[1085]	68	0x200009DA	uint16_t	
[1086]	62	0x200009DC	uint16_t	
[1087]	58	0x200009DE	uint16_t	
[1088]	62	0x200009E0	uint16_t	
[1089]	64	0x200009E2	uint16_t	
[1090]	64	0x200009E4	uint16_t	
[1091]	64	0x200009E6	uint16_t	
[1092]	61	0x200009E8	uint16_t	
[1093]	65	0x200009EA	uint16_t	
[1094]	63	0x200009EC	uint16_t	
[1095]	66	0x200009EE	uint16_t	
[1096]	64	0x200009F0	uint16_t	
[1097]	66	0x200009F2	uint16_t	
[1098]	69	0x200009F4	uint16_t	
[1099]	65	0x200009F6	uint16_t	
[1100]	67	0x200009F8	uint16_t	
[1101]	67	0x200009FA	uint16_t	
[1102]	58	0x200009FC	uint16_t	
[1103]	62	0x200009FE	uint16_t	
[1104]	62	0x20000A00	uint16_t	
[1105]	65	0x20000A02	uint16_t	
[1106]	67	0x20000A04	uint16_t	
[1107]	63	0x20000A06	uint16_t	
[1108]	68	0x20000A08	uint16_t	
[1109]	61	0x20000A0A	uint16_t	
[1110]	64	0x20000A0C	uint16_t	
[1111]	67	0x20000A0E	uint16_t	
[1112]	66	0x20000A10	uint16_t	
[1113]	62	0x20000A12	uint16_t	
[1114]	58	0x20000A14	uint16_t	
[1115]	62	0x20000A16	uint16_t	
[1116]	60	0x20000A18	uint16_t	
[1117]	64	0x20000A1A	uint16_t	
[1118]	62	0x20000A1C	uint16_t	
[1119]	65	0x20000A1E	uint16_t	
[1120]	65	0x20000A20	uint16_t	
[1121]	67	0x20000A22	uint16_t	
[1122]	70	0x20000A24	uint16_t	
[1123]	69	0x20000A26	uint16_t	
[1124]	68	0x20000A28	uint16_t	
[1125]	63	0x20000A2A	uint16_t	
[1126]	66	0x20000A2C	uint16_t	
[1127]	67	0x20000A2E	uint16_t	
[1128]	63	0x20000A30	uint16_t	
[1129]	65	0x20000A32	uint16_t	
[1130]	63	0x20000A34	uint16_t	
[1131]	61	0x20000A36	uint16_t	
[1132]	66	0x20000A38	uint16_t	
[1133]	65	0x20000A3A	uint16_t	
[1134]	61	0x20000A3C	uint16_t	
[1135]	63	0x20000A3E	uint16_t	
[1136]	63	0x20000A40	uint16_t	
[1137]	62	0x20000A42	uint16_t	
[1138]	65	0x20000A44	uint16_t	
[1139]	62	0x20000A46	uint16_t	
[1140]	61	0x20000A48	uint16_t	
[1141]	61	0x20000A4A	uint16_t	
[1142]	64	0x20000A4C	uint16_t	
[1143]	61	0x20000A4E	uint16_t	
[1144]	65	0x20000A50	uint16_t	
[1145]	66	0x20000A52	uint16_t	
[1146]	67	0x20000A54	uint16_t	
[1147]	65	0x20000A56	uint16_t	
[1148]	67	0x20000A58	uint16_t	
[1149]	62	0x20000A5A	uint16_t	
[1150]	62	0x20000A5C	uint16_t	
[1151]	60	0x20000A5E	uint16_t	
[1152]	60	0x20000A60	uint16_t	
[1153]	61	0x20000A62	uint16_t	
[1154]	64	0x20000A64	uint16_t	
[1155]	68	0x20000A66	uint16_t	
[1156]	62	0x20000A68	uint16_t	
[1157]	59	0x20000A6A	uint16_t	
[1158]	61	0x20000A6C	uint16_t	
[1159]	59	0x20000A6E	uint16_t	
[1160]	61	0x20000A70	uint16_t	
[1161]	65	0x20000A72	uint16_t	
[1162]	65	0x20000A74	uint16_t	
[1163]	64	0x20000A76	uint16_t	
[1164]	67	0x20000A78	uint16_t	
[1165]	67	0x20000A7A	uint16_t	
[1166]	65	0x20000A7C	uint16_t	
[1167]	67	0x20000A7E	uint16_t	
[1168]	65	0x20000A80	uint16_t	
[1169]	63	0x20000A82	uint16_t	
[1170]	62	0x20000A84	uint16_t	
[1171]	61	0x20000A86	uint16_t	
[1172]	67	0x20000A88	uint16_t	
[1173]	67	0x20000A8A	uint16_t	
[1174]	67	0x20000A8C	uint16_t	
[1175]	67	0x20000A8E	uint16_t	
[1176]	64	0x20000A90	uint16_t	
[1177]	61	0x20000A92	uint16_t	
[1178]	64	0x20000A94	uint16_t	
[1179]	59	0x20000A96	uint16_t	
[1180]	68	0x20000A98	uint16_t	
[1181]	63	0x20000A9A	uint16_t	
[1182]	66	0x20000A9C	uint16_t	
[1183]	62	0x20000A9E	uint16_t	
[1184]	60	0x20000AA0	uint16_t	
[1185]	65	0x20000AA2	uint16_t	
[1186]	67	0x20000AA4	uint16_t	
[1187]	67	0x20000AA6	uint16_t	
[1188]	67	0x20000AA8	uint16_t	
[1189]	66	0x20000AAA	uint16_t	
[1190]	66	0x20000AAC	uint16_t	
[1191]	66	0x20000AAE	uint16_t	
[1192]	62	0x20000AB0	uint16_t	
[1193]	64	0x20000AB2	uint16_t	
[1194]	60	0x20000AB4	uint16_t	
[1195]	62	0x20000AB6	uint16_t	
[1196]	65	0x20000AB8	uint16_t	
[1197]	65	0x20000ABA	uint16_t	
[1198]	67	0x20000ABC	uint16_t	
[1199]	64	0x20000ABE	uint16_t	
